# gunzip -c exp/mono/decode/depth_stats_tmp.*.gz | steps/diagnostic/analyze_lattice_depth_stats.py exp/mono/graph 
# Started at Fri Jun  1 13:14:10 CST 2018
#
The total amount of data analyzed assuming 100 frames per second is 0.0 hours
Overall, lattice depth (10,50,90-percentile)=(1,1,3) and mean=1.7
Phone sil accounts for 55.4% of frames, with lattice depth (10,50,90-percentile)=(1,1,4) and mean=1.8
Nonsilence phones as a group account for 44.6% of frames, with lattice depth (10,50,90-percentile)=(1,1,3) and mean=1.5
Phone er4_S accounts for 6.4% of frames, with lattice depth (10,50,90-percentile)=(1,1,3) and mean=1.7
Phone l_B accounts for 5.3% of frames, with lattice depth (10,50,90-percentile)=(1,2,4) and mean=2.1
Phone i1_E accounts for 5.1% of frames, with lattice depth (10,50,90-percentile)=(1,1,3) and mean=1.4
Phone iy4_E accounts for 4.6% of frames, with lattice depth (10,50,90-percentile)=(1,1,1) and mean=1.2
Phone a1_E accounts for 3.7% of frames, with lattice depth (10,50,90-percentile)=(1,1,2) and mean=1.2
Phone ii_B accounts for 3.1% of frames, with lattice depth (10,50,90-percentile)=(1,1,3) and mean=1.8
Phone j_B accounts for 2.8% of frames, with lattice depth (10,50,90-percentile)=(1,1,2) and mean=1.2
Phone q_B accounts for 2.6% of frames, with lattice depth (10,50,90-percentile)=(1,1,1) and mean=1.1
Phone an1_E accounts for 2.4% of frames, with lattice depth (10,50,90-percentile)=(1,1,3) and mean=1.6
Phone s_B accounts for 2.3% of frames, with lattice depth (10,50,90-percentile)=(1,1,3) and mean=1.6
Phone uu_B accounts for 1.9% of frames, with lattice depth (10,50,90-percentile)=(1,1,1) and mean=1.2
Phone iu4_E accounts for 1.3% of frames, with lattice depth (10,50,90-percentile)=(1,1,2) and mean=1.2
Phone iu3_E accounts for 1.2% of frames, with lattice depth (10,50,90-percentile)=(1,1,2) and mean=1.2
Phone b_B accounts for 1.0% of frames, with lattice depth (10,50,90-percentile)=(1,1,1) and mean=1.1
# Accounting: time=0 threads=1
# Ended (code 0) at Fri Jun  1 13:14:10 CST 2018, elapsed time 0 seconds
