# gmm-latgen-faster --max-active=7000 --beam=13.0 --lattice-beam=6.0 --acoustic-scale=0.083333 --allow-partial=true --word-symbol-table=exp/mono/graph/words.txt exp/mono/final.mdl exp/mono/graph/HCLG.fst "ark,s,cs:apply-cmvn  --utt2spk=ark:data/test/split4/3/utt2spk scp:data/test/split4/3/cmvn.scp scp:data/test/split4/3/feats.scp ark:- | add-deltas  ark:- ark:- |" "ark:|gzip -c > exp/mono/decode/lat.3.gz" 
# Started at Fri Jun  1 13:14:09 CST 2018
#
gmm-latgen-faster --max-active=7000 --beam=13.0 --lattice-beam=6.0 --acoustic-scale=0.083333 --allow-partial=true --word-symbol-table=exp/mono/graph/words.txt exp/mono/final.mdl exp/mono/graph/HCLG.fst 'ark,s,cs:apply-cmvn  --utt2spk=ark:data/test/split4/3/utt2spk scp:data/test/split4/3/cmvn.scp scp:data/test/split4/3/feats.scp ark:- | add-deltas  ark:- ark:- |' 'ark:|gzip -c > exp/mono/decode/lat.3.gz' 
add-deltas ark:- ark:- 
apply-cmvn --utt2spk=ark:data/test/split4/3/utt2spk scp:data/test/split4/3/cmvn.scp scp:data/test/split4/3/feats.scp ark:- 
6-032 零 七 三 二 
LOG (gmm-latgen-faster[5.4.110~1405-6a2dc]:DecodeUtteranceLatticeFaster():decoder-wrappers.cc:286) Log-like per frame for utterance 6-032 is -6.73625 over 339 frames.
6-123 一 二 三 
LOG (gmm-latgen-faster[5.4.110~1405-6a2dc]:DecodeUtteranceLatticeFaster():decoder-wrappers.cc:286) Log-like per frame for utterance 6-123 is -5.87724 over 385 frames.
6-230 二 三 零 
LOG (gmm-latgen-faster[5.4.110~1405-6a2dc]:DecodeUtteranceLatticeFaster():decoder-wrappers.cc:286) Log-like per frame for utterance 6-230 is -5.96072 over 352 frames.
6-234 二 三 四 
LOG (gmm-latgen-faster[5.4.110~1405-6a2dc]:DecodeUtteranceLatticeFaster():decoder-wrappers.cc:286) Log-like per frame for utterance 6-234 is -6.07686 over 363 frames.
6-450 四 一 五 零 
LOG (gmm-latgen-faster[5.4.110~1405-6a2dc]:DecodeUtteranceLatticeFaster():decoder-wrappers.cc:286) Log-like per frame for utterance 6-450 is -6.08533 over 373 frames.
6-560 零 六 零 
LOG (gmm-latgen-faster[5.4.110~1405-6a2dc]:DecodeUtteranceLatticeFaster():decoder-wrappers.cc:286) Log-like per frame for utterance 6-560 is -6.20146 over 319 frames.
LOG (apply-cmvn[5.4.110~1405-6a2dc]:main():apply-cmvn.cc:162) Applied cepstral mean normalization to 12 utterances, errors on 0
7-011 零 一 一 
LOG (gmm-latgen-faster[5.4.110~1405-6a2dc]:DecodeUtteranceLatticeFaster():decoder-wrappers.cc:286) Log-like per frame for utterance 7-011 is -6.08143 over 336 frames.
7-230 二 三 零 
LOG (gmm-latgen-faster[5.4.110~1405-6a2dc]:DecodeUtteranceLatticeFaster():decoder-wrappers.cc:286) Log-like per frame for utterance 7-230 is -6.10823 over 343 frames.
7-567 二 六 七 
LOG (gmm-latgen-faster[5.4.110~1405-6a2dc]:DecodeUtteranceLatticeFaster():decoder-wrappers.cc:286) Log-like per frame for utterance 7-567 is -5.76332 over 400 frames.
7-678 六 二 七 八 
LOG (gmm-latgen-faster[5.4.110~1405-6a2dc]:DecodeUtteranceLatticeFaster():decoder-wrappers.cc:286) Log-like per frame for utterance 7-678 is -5.92968 over 374 frames.
7-748 七 四 八 
LOG (gmm-latgen-faster[5.4.110~1405-6a2dc]:DecodeUtteranceLatticeFaster():decoder-wrappers.cc:286) Log-like per frame for utterance 7-748 is -5.75775 over 387 frames.
7-951 九 二 一 
LOG (gmm-latgen-faster[5.4.110~1405-6a2dc]:DecodeUtteranceLatticeFaster():decoder-wrappers.cc:286) Log-like per frame for utterance 7-951 is -5.92227 over 419 frames.
LOG (gmm-latgen-faster[5.4.110~1405-6a2dc]:main():gmm-latgen-faster.cc:176) Time taken 0.657627s: real-time factor assuming 100 frames/sec is 0.0149801
LOG (gmm-latgen-faster[5.4.110~1405-6a2dc]:main():gmm-latgen-faster.cc:179) Done 12 utterances, failed for 0
LOG (gmm-latgen-faster[5.4.110~1405-6a2dc]:main():gmm-latgen-faster.cc:181) Overall log-likelihood per frame is -6.02954 over 4390 frames.
# Accounting: time=1 threads=1
# Ended (code 0) at Fri Jun  1 13:14:10 CST 2018, elapsed time 1 seconds
