# gmm-latgen-faster --max-active=7000 --beam=13.0 --lattice-beam=6.0 --acoustic-scale=0.083333 --allow-partial=true --word-symbol-table=exp/mono/graph/words.txt exp/mono/final.mdl exp/mono/graph/HCLG.fst "ark,s,cs:apply-cmvn  --utt2spk=ark:data/test/split4/1/utt2spk scp:data/test/split4/1/cmvn.scp scp:data/test/split4/1/feats.scp ark:- | add-deltas  ark:- ark:- |" "ark:|gzip -c > exp/mono/decode/lat.1.gz" 
# Started at Fri Jun  1 13:14:09 CST 2018
#
gmm-latgen-faster --max-active=7000 --beam=13.0 --lattice-beam=6.0 --acoustic-scale=0.083333 --allow-partial=true --word-symbol-table=exp/mono/graph/words.txt exp/mono/final.mdl exp/mono/graph/HCLG.fst 'ark,s,cs:apply-cmvn  --utt2spk=ark:data/test/split4/1/utt2spk scp:data/test/split4/1/cmvn.scp scp:data/test/split4/1/feats.scp ark:- | add-deltas  ark:- ark:- |' 'ark:|gzip -c > exp/mono/decode/lat.1.gz' 
apply-cmvn --utt2spk=ark:data/test/split4/1/utt2spk scp:data/test/split4/1/cmvn.scp scp:data/test/split4/1/feats.scp ark:- 
add-deltas ark:- ark:- 
1-584 五 八 四 
LOG (gmm-latgen-faster[5.4.110~1405-6a2dc]:DecodeUtteranceLatticeFaster():decoder-wrappers.cc:286) Log-like per frame for utterance 1-584 is -7.19925 over 212 frames.
1-774 七 七 四 
LOG (gmm-latgen-faster[5.4.110~1405-6a2dc]:DecodeUtteranceLatticeFaster():decoder-wrappers.cc:286) Log-like per frame for utterance 1-774 is -7.25617 over 212 frames.
1-789 七 八 九 
LOG (gmm-latgen-faster[5.4.110~1405-6a2dc]:DecodeUtteranceLatticeFaster():decoder-wrappers.cc:286) Log-like per frame for utterance 1-789 is -7.77923 over 249 frames.
1-897 八 九 七 
LOG (gmm-latgen-faster[5.4.110~1405-6a2dc]:DecodeUtteranceLatticeFaster():decoder-wrappers.cc:286) Log-like per frame for utterance 1-897 is -7.90552 over 230 frames.
1-905 九 零 五 
LOG (gmm-latgen-faster[5.4.110~1405-6a2dc]:DecodeUtteranceLatticeFaster():decoder-wrappers.cc:286) Log-like per frame for utterance 1-905 is -7.55802 over 221 frames.
1-964 九 六 四 
LOG (gmm-latgen-faster[5.4.110~1405-6a2dc]:DecodeUtteranceLatticeFaster():decoder-wrappers.cc:286) Log-like per frame for utterance 1-964 is -7.37596 over 221 frames.
2-021 零 二 一 
LOG (gmm-latgen-faster[5.4.110~1405-6a2dc]:DecodeUtteranceLatticeFaster():decoder-wrappers.cc:286) Log-like per frame for utterance 2-021 is -6.82744 over 212 frames.
2-578 五 七 八 
LOG (gmm-latgen-faster[5.4.110~1405-6a2dc]:DecodeUtteranceLatticeFaster():decoder-wrappers.cc:286) Log-like per frame for utterance 2-578 is -6.96361 over 230 frames.
2-702 七 零 二 
LOG (gmm-latgen-faster[5.4.110~1405-6a2dc]:DecodeUtteranceLatticeFaster():decoder-wrappers.cc:286) Log-like per frame for utterance 2-702 is -7.13368 over 230 frames.
LOG (apply-cmvn[5.4.110~1405-6a2dc]:main():apply-cmvn.cc:162) Applied cepstral mean normalization to 18 utterances, errors on 0
2-718 七 一 八 
LOG (gmm-latgen-faster[5.4.110~1405-6a2dc]:DecodeUtteranceLatticeFaster():decoder-wrappers.cc:286) Log-like per frame for utterance 2-718 is -7.16826 over 267 frames.
2-789 七 八 九 
LOG (gmm-latgen-faster[5.4.110~1405-6a2dc]:DecodeUtteranceLatticeFaster():decoder-wrappers.cc:286) Log-like per frame for utterance 2-789 is -7.42471 over 239 frames.
2-891 八 九 一 
LOG (gmm-latgen-faster[5.4.110~1405-6a2dc]:DecodeUtteranceLatticeFaster():decoder-wrappers.cc:286) Log-like per frame for utterance 2-891 is -7.42884 over 230 frames.
3-132 一 三 二 
LOG (gmm-latgen-faster[5.4.110~1405-6a2dc]:DecodeUtteranceLatticeFaster():decoder-wrappers.cc:286) Log-like per frame for utterance 3-132 is -7.87701 over 212 frames.
3-254 二 五 四 
LOG (gmm-latgen-faster[5.4.110~1405-6a2dc]:DecodeUtteranceLatticeFaster():decoder-wrappers.cc:286) Log-like per frame for utterance 3-254 is -7.09196 over 230 frames.
3-467 四 六 七 
LOG (gmm-latgen-faster[5.4.110~1405-6a2dc]:DecodeUtteranceLatticeFaster():decoder-wrappers.cc:286) Log-like per frame for utterance 3-467 is -6.99348 over 230 frames.
3-587 五 八 七 
LOG (gmm-latgen-faster[5.4.110~1405-6a2dc]:DecodeUtteranceLatticeFaster():decoder-wrappers.cc:286) Log-like per frame for utterance 3-587 is -7.28924 over 230 frames.
3-789 七 八 九 
LOG (gmm-latgen-faster[5.4.110~1405-6a2dc]:DecodeUtteranceLatticeFaster():decoder-wrappers.cc:286) Log-like per frame for utterance 3-789 is -7.33057 over 239 frames.
3-945 九 四 五 
LOG (gmm-latgen-faster[5.4.110~1405-6a2dc]:DecodeUtteranceLatticeFaster():decoder-wrappers.cc:286) Log-like per frame for utterance 3-945 is -7.71355 over 249 frames.
LOG (gmm-latgen-faster[5.4.110~1405-6a2dc]:main():gmm-latgen-faster.cc:176) Time taken 0.631176s: real-time factor assuming 100 frames/sec is 0.0152348
LOG (gmm-latgen-faster[5.4.110~1405-6a2dc]:main():gmm-latgen-faster.cc:179) Done 18 utterances, failed for 0
LOG (gmm-latgen-faster[5.4.110~1405-6a2dc]:main():gmm-latgen-faster.cc:181) Overall log-likelihood per frame is -7.35358 over 4143 frames.
# Accounting: time=1 threads=1
# Ended (code 0) at Fri Jun  1 13:14:10 CST 2018, elapsed time 1 seconds
