# build-tree --verbose=1 --max-leaves=2000 --cluster-thresh=-1 exp/tri1/treeacc data/lang/phones/roots.int exp/tri1/questions.qst data/lang/topo exp/tri1/tree 
# Started at Fri Jun  1 13:14:12 CST 2018
#
build-tree --verbose=1 --max-leaves=2000 --cluster-thresh=-1 exp/tri1/treeacc data/lang/phones/roots.int exp/tri1/questions.qst data/lang/topo exp/tri1/tree 
LOG (build-tree[5.4.110~1405-6a2dc]:main():build-tree.cc:104) Number of separate statistics is 149
LOG (build-tree[5.4.110~1405-6a2dc]:BuildTree():build-tree.cc:161) BuildTree: before building trees, map has 18 leaves.
LOG (build-tree[5.4.110~1405-6a2dc]:SplitDecisionTree():build-tree-utils.cc:577) DoDecisionTreeSplit: split 45 times, #leaves now 63
LOG (build-tree[5.4.110~1405-6a2dc]:BuildTree():build-tree.cc:187) Setting clustering threshold to smallest split 341.578
VLOG[1] (build-tree[5.4.110~1405-6a2dc]:BuildTree():build-tree.cc:196) After decision tree split, num-leaves = 63, like-impr = 9.4684 per frame over 27323 frames.
VLOG[1] (build-tree[5.4.110~1405-6a2dc]:BuildTree():build-tree.cc:200) Including just phones that were split, improvement is 9.4684 per frame over 27323 frames.
LOG (build-tree[5.4.110~1405-6a2dc]:BuildTree():build-tree.cc:215) BuildTree: removed 2 leaves.
VLOG[1] (build-tree[5.4.110~1405-6a2dc]:ClusterEventMapToNClustersRestrictedByMap():build-tree-utils.cc:916) Number of non-empty clusters in map = 17
VLOG[1] (build-tree[5.4.110~1405-6a2dc]:ClusterEventMapToNClustersRestrictedByMap():build-tree-utils.cc:917) Number of non-empty clusters = 60
LOG (build-tree[5.4.110~1405-6a2dc]:BuildTree():build-tree.cc:231) BuildTree: Rounded num leaves to multiple of 8 by removing 5 leaves.
VLOG[1] (build-tree[5.4.110~1405-6a2dc]:BuildTree():build-tree.cc:256) Objf change due to clustering -0.0908026 per frame.
VLOG[1] (build-tree[5.4.110~1405-6a2dc]:BuildTree():build-tree.cc:259) Normalizing over only split phones, this is: -0.0908026 per frame.
VLOG[1] (build-tree[5.4.110~1405-6a2dc]:BuildTree():build-tree.cc:262) Num-leaves is now 56
VLOG[1] (build-tree[5.4.110~1405-6a2dc]:main():build-tree.cc:143) For pdf-id 1, low count 0
VLOG[1] (build-tree[5.4.110~1405-6a2dc]:main():build-tree.cc:143) For pdf-id 3, low count 79
VLOG[1] (build-tree[5.4.110~1405-6a2dc]:main():build-tree.cc:143) For pdf-id 8, low count 93
VLOG[1] (build-tree[5.4.110~1405-6a2dc]:main():build-tree.cc:143) For pdf-id 10, low count 75
VLOG[1] (build-tree[5.4.110~1405-6a2dc]:main():build-tree.cc:143) For pdf-id 14, low count 32
VLOG[1] (build-tree[5.4.110~1405-6a2dc]:main():build-tree.cc:143) For pdf-id 26, low count 82
VLOG[1] (build-tree[5.4.110~1405-6a2dc]:main():build-tree.cc:143) For pdf-id 50, low count 37
VLOG[1] (build-tree[5.4.110~1405-6a2dc]:main():build-tree.cc:143) For pdf-id 55, low count 95
WARNING (build-tree[5.4.110~1405-6a2dc]:main():build-tree.cc:185) Saw no stats for following phones: 2 3 4 5 6 7 8 9 10 12 13 14 15 17 18 20 21 22 23 25 26 27 28 29 32 33 34 35 37 38 39 41 42 44 45 46 47 49 50 51 53 54 56 57 58 60 61 62 63 65 66 68 69 70 71 73 74 
LOG (build-tree[5.4.110~1405-6a2dc]:main():build-tree.cc:189) Wrote tree
# Accounting: time=0 threads=1
# Ended (code 0) at Fri Jun  1 13:14:12 CST 2018, elapsed time 0 seconds
