# gmm-est --mix-up=4880 --power=0.25 --write-occs=exp/tri1/10.occs exp/tri1/9.mdl "gmm-sum-accs - exp/tri1/9.*.acc |" exp/tri1/10.mdl 
# Started at Fri Jun  1 13:14:14 CST 2018
#
gmm-est --mix-up=4880 --power=0.25 --write-occs=exp/tri1/10.occs exp/tri1/9.mdl 'gmm-sum-accs - exp/tri1/9.*.acc |' exp/tri1/10.mdl 
gmm-sum-accs - exp/tri1/9.1.acc exp/tri1/9.2.acc exp/tri1/9.3.acc exp/tri1/9.4.acc 
LOG (gmm-sum-accs[5.4.110~1405-6a2dc]:main():gmm-sum-accs.cc:63) Summed 4 stats, total count 27323, avg like/frame -72.2898
LOG (gmm-sum-accs[5.4.110~1405-6a2dc]:main():gmm-sum-accs.cc:66) Total count of stats is 27323
LOG (gmm-sum-accs[5.4.110~1405-6a2dc]:main():gmm-sum-accs.cc:67) Written stats to -
LOG (gmm-est[5.4.110~1405-6a2dc]:MleUpdate():transition-model.cc:517) TransitionModel::Update, objf change is 0 per frame over 27323 frames. 
LOG (gmm-est[5.4.110~1405-6a2dc]:MleUpdate():transition-model.cc:520) 6 probabilities floored, 201 out of 258 transition-states skipped due to insuffient data (it is normal to have some skipped.)
LOG (gmm-est[5.4.110~1405-6a2dc]:main():gmm-est.cc:102) Transition model update: Overall 0 log-like improvement per frame over 27323 frames.
WARNING (gmm-est[5.4.110~1405-6a2dc]:MleDiagGmmUpdate():mle-diag-gmm.cc:359) Too little data - removing Gaussian (weight 0.001338, occupation count 9.649036, vector size 39)
WARNING (gmm-est[5.4.110~1405-6a2dc]:MleDiagGmmUpdate():mle-diag-gmm.cc:359) Too little data - removing Gaussian (weight 0.001214, occupation count 8.754528, vector size 39)
WARNING (gmm-est[5.4.110~1405-6a2dc]:MleDiagGmmUpdate():mle-diag-gmm.cc:365) Gaussian has too little data but not removing it because it is the last Gaussian: i = 0, occ = 0, weight = 1
WARNING (gmm-est[5.4.110~1405-6a2dc]:MleDiagGmmUpdate():mle-diag-gmm.cc:359) Too little data - removing Gaussian (weight 0.031428, occupation count 9.491182, vector size 39)
WARNING (gmm-est[5.4.110~1405-6a2dc]:MleDiagGmmUpdate():mle-diag-gmm.cc:359) Too little data - removing Gaussian (weight 0.018000, occupation count 9.539912, vector size 39)
WARNING (gmm-est[5.4.110~1405-6a2dc]:MleDiagGmmUpdate():mle-diag-gmm.cc:359) Too little data - removing Gaussian (weight 0.002582, occupation count 9.467131, vector size 39)
WARNING (gmm-est[5.4.110~1405-6a2dc]:MleDiagGmmUpdate():mle-diag-gmm.cc:359) Too little data - removing Gaussian (weight 0.002637, occupation count 9.668534, vector size 39)
WARNING (gmm-est[5.4.110~1405-6a2dc]:MleDiagGmmUpdate():mle-diag-gmm.cc:359) Too little data - removing Gaussian (weight 0.041659, occupation count 9.998202, vector size 39)
LOG (gmm-est[5.4.110~1405-6a2dc]:MleAmDiagGmmUpdate():mle-am-diag-gmm.cc:225) 2 variance elements floored in 2 Gaussians, out of 1329
LOG (gmm-est[5.4.110~1405-6a2dc]:MleAmDiagGmmUpdate():mle-am-diag-gmm.cc:229) Removed 7 Gaussians due to counts < --min-gaussian-occupancy=10 and --remove-low-count-gaussians=true
LOG (gmm-est[5.4.110~1405-6a2dc]:main():gmm-est.cc:113) GMM update: Overall 0.202392 objective function improvement per frame over 27323 frames
LOG (gmm-est[5.4.110~1405-6a2dc]:main():gmm-est.cc:116) GMM update: Overall avg like per frame = -72.2898 over 27323 frames.
WARNING (gmm-est[5.4.110~1405-6a2dc]:GetSplitTargets():model-common.cc:134) Could not split up to 4880 due to min-count = 20 (or no counts at all)
LOG (gmm-est[5.4.110~1405-6a2dc]:SplitByCount():am-diag-gmm.cc:116) Split 56 states with target = 4880, power = 0.25, perturb_factor = 0.01 and min_count = 20, split #Gauss from 1329 to 1336
LOG (gmm-est[5.4.110~1405-6a2dc]:main():gmm-est.cc:146) Written model to exp/tri1/10.mdl
# Accounting: time=0 threads=1
# Ended (code 0) at Fri Jun  1 13:14:14 CST 2018, elapsed time 0 seconds
