# gmm-est --mix-up=11000 --power=0.25 --write-occs=exp/tri1/30.occs exp/tri1/29.mdl "gmm-sum-accs - exp/tri1/29.*.acc |" exp/tri1/30.mdl 
# Started at Fri Jun  1 13:14:19 CST 2018
#
gmm-est --mix-up=11000 --power=0.25 --write-occs=exp/tri1/30.occs exp/tri1/29.mdl 'gmm-sum-accs - exp/tri1/29.*.acc |' exp/tri1/30.mdl 
gmm-sum-accs - exp/tri1/29.1.acc exp/tri1/29.2.acc exp/tri1/29.3.acc exp/tri1/29.4.acc 
LOG (gmm-sum-accs[5.4.110~1405-6a2dc]:main():gmm-sum-accs.cc:63) Summed 4 stats, total count 27323, avg like/frame -71.3481
LOG (gmm-sum-accs[5.4.110~1405-6a2dc]:main():gmm-sum-accs.cc:66) Total count of stats is 27323
LOG (gmm-sum-accs[5.4.110~1405-6a2dc]:main():gmm-sum-accs.cc:67) Written stats to -
LOG (gmm-est[5.4.110~1405-6a2dc]:MleUpdate():transition-model.cc:517) TransitionModel::Update, objf change is 0 per frame over 27323 frames. 
LOG (gmm-est[5.4.110~1405-6a2dc]:MleUpdate():transition-model.cc:520) 8 probabilities floored, 201 out of 258 transition-states skipped due to insuffient data (it is normal to have some skipped.)
LOG (gmm-est[5.4.110~1405-6a2dc]:main():gmm-est.cc:102) Transition model update: Overall 0 log-like improvement per frame over 27323 frames.
WARNING (gmm-est[5.4.110~1405-6a2dc]:MleDiagGmmUpdate():mle-diag-gmm.cc:365) Gaussian has too little data but not removing it because it is the last Gaussian: i = 0, occ = 0, weight = 1
LOG (gmm-est[5.4.110~1405-6a2dc]:MleAmDiagGmmUpdate():mle-am-diag-gmm.cc:225) 12 variance elements floored in 12 Gaussians, out of 1340
LOG (gmm-est[5.4.110~1405-6a2dc]:MleAmDiagGmmUpdate():mle-am-diag-gmm.cc:229) Removed 0 Gaussians due to counts < --min-gaussian-occupancy=10 and --remove-low-count-gaussians=true
LOG (gmm-est[5.4.110~1405-6a2dc]:main():gmm-est.cc:113) GMM update: Overall 0.00404187 objective function improvement per frame over 27323 frames
LOG (gmm-est[5.4.110~1405-6a2dc]:main():gmm-est.cc:116) GMM update: Overall avg like per frame = -71.3481 over 27323 frames.
WARNING (gmm-est[5.4.110~1405-6a2dc]:GetSplitTargets():model-common.cc:134) Could not split up to 11000 due to min-count = 20 (or no counts at all)
LOG (gmm-est[5.4.110~1405-6a2dc]:SplitByCount():am-diag-gmm.cc:116) Split 56 states with target = 11000, power = 0.25, perturb_factor = 0.01 and min_count = 20, split #Gauss from 1340 to 1340
LOG (gmm-est[5.4.110~1405-6a2dc]:main():gmm-est.cc:146) Written model to exp/tri1/30.mdl
# Accounting: time=0 threads=1
# Ended (code 0) at Fri Jun  1 13:14:19 CST 2018, elapsed time 0 seconds
