# compute-mfcc-feats --verbose=2 --config=conf/mfcc.conf scp,p:exp/make_mfcc/train/wav_train.3.scp ark:- | copy-feats --compress=true ark:- ark,scp:/home/mino/kaldi/kaldi-digits/mfcc/raw_mfcc_train.3.ark,/home/mino/kaldi/kaldi-digits/mfcc/raw_mfcc_train.3.scp 
# Started at Fri Jun  1 13:13:55 CST 2018
#
copy-feats --compress=true ark:- ark,scp:/home/mino/kaldi/kaldi-digits/mfcc/raw_mfcc_train.3.ark,/home/mino/kaldi/kaldi-digits/mfcc/raw_mfcc_train.3.scp 
compute-mfcc-feats --verbose=2 --config=conf/mfcc.conf scp,p:exp/make_mfcc/train/wav_train.3.scp ark:- 
VLOG[2] (compute-mfcc-feats[5.4.110~1405-6a2dc]:main():compute-mfcc-feats.cc:173) Processed features for key 5-641
VLOG[2] (compute-mfcc-feats[5.4.110~1405-6a2dc]:main():compute-mfcc-feats.cc:173) Processed features for key 5-732
VLOG[2] (compute-mfcc-feats[5.4.110~1405-6a2dc]:main():compute-mfcc-feats.cc:173) Processed features for key 5-784
VLOG[2] (compute-mfcc-feats[5.4.110~1405-6a2dc]:main():compute-mfcc-feats.cc:173) Processed features for key 5-897
VLOG[2] (compute-mfcc-feats[5.4.110~1405-6a2dc]:main():compute-mfcc-feats.cc:173) Processed features for key 6-010
VLOG[2] (compute-mfcc-feats[5.4.110~1405-6a2dc]:main():compute-mfcc-feats.cc:173) Processed features for key 6-012
VLOG[2] (compute-mfcc-feats[5.4.110~1405-6a2dc]:main():compute-mfcc-feats.cc:173) Processed features for key 6-123
VLOG[2] (compute-mfcc-feats[5.4.110~1405-6a2dc]:main():compute-mfcc-feats.cc:173) Processed features for key 6-216
VLOG[2] (compute-mfcc-feats[5.4.110~1405-6a2dc]:main():compute-mfcc-feats.cc:173) Processed features for key 6-230
LOG (compute-mfcc-feats[5.4.110~1405-6a2dc]:main():compute-mfcc-feats.cc:172) Processed 10 utterances
VLOG[2] (compute-mfcc-feats[5.4.110~1405-6a2dc]:main():compute-mfcc-feats.cc:173) Processed features for key 6-345
VLOG[2] (compute-mfcc-feats[5.4.110~1405-6a2dc]:main():compute-mfcc-feats.cc:173) Processed features for key 6-456
VLOG[2] (compute-mfcc-feats[5.4.110~1405-6a2dc]:main():compute-mfcc-feats.cc:173) Processed features for key 6-678
VLOG[2] (compute-mfcc-feats[5.4.110~1405-6a2dc]:main():compute-mfcc-feats.cc:173) Processed features for key 6-789
VLOG[2] (compute-mfcc-feats[5.4.110~1405-6a2dc]:main():compute-mfcc-feats.cc:173) Processed features for key 6-879
VLOG[2] (compute-mfcc-feats[5.4.110~1405-6a2dc]:main():compute-mfcc-feats.cc:173) Processed features for key 7-113
VLOG[2] (compute-mfcc-feats[5.4.110~1405-6a2dc]:main():compute-mfcc-feats.cc:173) Processed features for key 7-123
VLOG[2] (compute-mfcc-feats[5.4.110~1405-6a2dc]:main():compute-mfcc-feats.cc:173) Processed features for key 7-234
VLOG[2] (compute-mfcc-feats[5.4.110~1405-6a2dc]:main():compute-mfcc-feats.cc:173) Processed features for key 7-291
VLOG[2] (compute-mfcc-feats[5.4.110~1405-6a2dc]:main():compute-mfcc-feats.cc:173) Processed features for key 7-345
LOG (compute-mfcc-feats[5.4.110~1405-6a2dc]:main():compute-mfcc-feats.cc:172) Processed 20 utterances
VLOG[2] (compute-mfcc-feats[5.4.110~1405-6a2dc]:main():compute-mfcc-feats.cc:173) Processed features for key 7-415
VLOG[2] (compute-mfcc-feats[5.4.110~1405-6a2dc]:main():compute-mfcc-feats.cc:173) Processed features for key 7-582
VLOG[2] (compute-mfcc-feats[5.4.110~1405-6a2dc]:main():compute-mfcc-feats.cc:173) Processed features for key 7-753
LOG (compute-mfcc-feats[5.4.110~1405-6a2dc]:main():compute-mfcc-feats.cc:176)  Done 22 out of 22 utterances.
LOG (copy-feats[5.4.110~1405-6a2dc]:main():copy-feats.cc:143) Copied 22 feature matrices.
# Accounting: time=1 threads=1
# Ended (code 0) at Fri Jun  1 13:13:56 CST 2018, elapsed time 1 seconds
