# compute-mfcc-feats --verbose=2 --config=conf/mfcc.conf scp,p:exp/make_mfcc/train/wav_train.4.scp ark:- | copy-feats --compress=true ark:- ark,scp:/home/mino/kaldi/kaldi-digits/mfcc/raw_mfcc_train.4.ark,/home/mino/kaldi/kaldi-digits/mfcc/raw_mfcc_train.4.scp 
# Started at Fri Jun  1 13:13:55 CST 2018
#
copy-feats --compress=true ark:- ark,scp:/home/mino/kaldi/kaldi-digits/mfcc/raw_mfcc_train.4.ark,/home/mino/kaldi/kaldi-digits/mfcc/raw_mfcc_train.4.scp 
compute-mfcc-feats --verbose=2 --config=conf/mfcc.conf scp,p:exp/make_mfcc/train/wav_train.4.scp ark:- 
VLOG[2] (compute-mfcc-feats[5.4.110~1405-6a2dc]:main():compute-mfcc-feats.cc:173) Processed features for key 7-891
VLOG[2] (compute-mfcc-feats[5.4.110~1405-6a2dc]:main():compute-mfcc-feats.cc:173) Processed features for key 7-967
VLOG[2] (compute-mfcc-feats[5.4.110~1405-6a2dc]:main():compute-mfcc-feats.cc:173) Processed features for key 8-102
VLOG[2] (compute-mfcc-feats[5.4.110~1405-6a2dc]:main():compute-mfcc-feats.cc:173) Processed features for key 8-132
VLOG[2] (compute-mfcc-feats[5.4.110~1405-6a2dc]:main():compute-mfcc-feats.cc:173) Processed features for key 8-201
VLOG[2] (compute-mfcc-feats[5.4.110~1405-6a2dc]:main():compute-mfcc-feats.cc:173) Processed features for key 8-234
VLOG[2] (compute-mfcc-feats[5.4.110~1405-6a2dc]:main():compute-mfcc-feats.cc:173) Processed features for key 8-245
VLOG[2] (compute-mfcc-feats[5.4.110~1405-6a2dc]:main():compute-mfcc-feats.cc:173) Processed features for key 8-457
VLOG[2] (compute-mfcc-feats[5.4.110~1405-6a2dc]:main():compute-mfcc-feats.cc:173) Processed features for key 8-718
LOG (compute-mfcc-feats[5.4.110~1405-6a2dc]:main():compute-mfcc-feats.cc:172) Processed 10 utterances
VLOG[2] (compute-mfcc-feats[5.4.110~1405-6a2dc]:main():compute-mfcc-feats.cc:173) Processed features for key 8-768
VLOG[2] (compute-mfcc-feats[5.4.110~1405-6a2dc]:main():compute-mfcc-feats.cc:173) Processed features for key 8-802
VLOG[2] (compute-mfcc-feats[5.4.110~1405-6a2dc]:main():compute-mfcc-feats.cc:173) Processed features for key 8-932
VLOG[2] (compute-mfcc-feats[5.4.110~1405-6a2dc]:main():compute-mfcc-feats.cc:173) Processed features for key 9-015
VLOG[2] (compute-mfcc-feats[5.4.110~1405-6a2dc]:main():compute-mfcc-feats.cc:173) Processed features for key 9-034
VLOG[2] (compute-mfcc-feats[5.4.110~1405-6a2dc]:main():compute-mfcc-feats.cc:173) Processed features for key 9-137
VLOG[2] (compute-mfcc-feats[5.4.110~1405-6a2dc]:main():compute-mfcc-feats.cc:173) Processed features for key 9-216
VLOG[2] (compute-mfcc-feats[5.4.110~1405-6a2dc]:main():compute-mfcc-feats.cc:173) Processed features for key 9-233
VLOG[2] (compute-mfcc-feats[5.4.110~1405-6a2dc]:main():compute-mfcc-feats.cc:173) Processed features for key 9-437
VLOG[2] (compute-mfcc-feats[5.4.110~1405-6a2dc]:main():compute-mfcc-feats.cc:173) Processed features for key 9-604
LOG (compute-mfcc-feats[5.4.110~1405-6a2dc]:main():compute-mfcc-feats.cc:172) Processed 20 utterances
VLOG[2] (compute-mfcc-feats[5.4.110~1405-6a2dc]:main():compute-mfcc-feats.cc:173) Processed features for key 9-859
VLOG[2] (compute-mfcc-feats[5.4.110~1405-6a2dc]:main():compute-mfcc-feats.cc:173) Processed features for key 9-875
VLOG[2] (compute-mfcc-feats[5.4.110~1405-6a2dc]:main():compute-mfcc-feats.cc:173) Processed features for key 9-993
LOG (compute-mfcc-feats[5.4.110~1405-6a2dc]:main():compute-mfcc-feats.cc:176)  Done 22 out of 22 utterances.
LOG (copy-feats[5.4.110~1405-6a2dc]:main():copy-feats.cc:143) Copied 22 feature matrices.
# Accounting: time=1 threads=1
# Ended (code 0) at Fri Jun  1 13:13:56 CST 2018, elapsed time 1 seconds
