# compute-mfcc-feats --verbose=2 --config=conf/mfcc.conf scp,p:exp/make_mfcc/train/wav_train.1.scp ark:- | copy-feats --compress=true ark:- ark,scp:/home/mino/kaldi/kaldi-digits/mfcc/raw_mfcc_train.1.ark,/home/mino/kaldi/kaldi-digits/mfcc/raw_mfcc_train.1.scp 
# Started at Fri Jun  1 13:13:55 CST 2018
#
copy-feats --compress=true ark:- ark,scp:/home/mino/kaldi/kaldi-digits/mfcc/raw_mfcc_train.1.ark,/home/mino/kaldi/kaldi-digits/mfcc/raw_mfcc_train.1.scp 
compute-mfcc-feats --verbose=2 --config=conf/mfcc.conf scp,p:exp/make_mfcc/train/wav_train.1.scp ark:- 
VLOG[2] (compute-mfcc-feats[5.4.110~1405-6a2dc]:main():compute-mfcc-feats.cc:173) Processed features for key 1-040
VLOG[2] (compute-mfcc-feats[5.4.110~1405-6a2dc]:main():compute-mfcc-feats.cc:173) Processed features for key 1-089
VLOG[2] (compute-mfcc-feats[5.4.110~1405-6a2dc]:main():compute-mfcc-feats.cc:173) Processed features for key 1-104
VLOG[2] (compute-mfcc-feats[5.4.110~1405-6a2dc]:main():compute-mfcc-feats.cc:173) Processed features for key 1-231
VLOG[2] (compute-mfcc-feats[5.4.110~1405-6a2dc]:main():compute-mfcc-feats.cc:173) Processed features for key 1-327
VLOG[2] (compute-mfcc-feats[5.4.110~1405-6a2dc]:main():compute-mfcc-feats.cc:173) Processed features for key 1-413
VLOG[2] (compute-mfcc-feats[5.4.110~1405-6a2dc]:main():compute-mfcc-feats.cc:173) Processed features for key 1-462
VLOG[2] (compute-mfcc-feats[5.4.110~1405-6a2dc]:main():compute-mfcc-feats.cc:173) Processed features for key 1-468
VLOG[2] (compute-mfcc-feats[5.4.110~1405-6a2dc]:main():compute-mfcc-feats.cc:173) Processed features for key 1-470
LOG (compute-mfcc-feats[5.4.110~1405-6a2dc]:main():compute-mfcc-feats.cc:172) Processed 10 utterances
VLOG[2] (compute-mfcc-feats[5.4.110~1405-6a2dc]:main():compute-mfcc-feats.cc:173) Processed features for key 1-560
VLOG[2] (compute-mfcc-feats[5.4.110~1405-6a2dc]:main():compute-mfcc-feats.cc:173) Processed features for key 2-012
VLOG[2] (compute-mfcc-feats[5.4.110~1405-6a2dc]:main():compute-mfcc-feats.cc:173) Processed features for key 2-117
VLOG[2] (compute-mfcc-feats[5.4.110~1405-6a2dc]:main():compute-mfcc-feats.cc:173) Processed features for key 2-123
VLOG[2] (compute-mfcc-feats[5.4.110~1405-6a2dc]:main():compute-mfcc-feats.cc:173) Processed features for key 2-171
VLOG[2] (compute-mfcc-feats[5.4.110~1405-6a2dc]:main():compute-mfcc-feats.cc:173) Processed features for key 2-217
VLOG[2] (compute-mfcc-feats[5.4.110~1405-6a2dc]:main():compute-mfcc-feats.cc:173) Processed features for key 2-234
VLOG[2] (compute-mfcc-feats[5.4.110~1405-6a2dc]:main():compute-mfcc-feats.cc:173) Processed features for key 2-341
VLOG[2] (compute-mfcc-feats[5.4.110~1405-6a2dc]:main():compute-mfcc-feats.cc:173) Processed features for key 2-345
VLOG[2] (compute-mfcc-feats[5.4.110~1405-6a2dc]:main():compute-mfcc-feats.cc:173) Processed features for key 2-457
LOG (compute-mfcc-feats[5.4.110~1405-6a2dc]:main():compute-mfcc-feats.cc:172) Processed 20 utterances
VLOG[2] (compute-mfcc-feats[5.4.110~1405-6a2dc]:main():compute-mfcc-feats.cc:173) Processed features for key 2-757
VLOG[2] (compute-mfcc-feats[5.4.110~1405-6a2dc]:main():compute-mfcc-feats.cc:173) Processed features for key 3-013
VLOG[2] (compute-mfcc-feats[5.4.110~1405-6a2dc]:main():compute-mfcc-feats.cc:173) Processed features for key 3-140
VLOG[2] (compute-mfcc-feats[5.4.110~1405-6a2dc]:main():compute-mfcc-feats.cc:173) Processed features for key 3-214
LOG (compute-mfcc-feats[5.4.110~1405-6a2dc]:main():compute-mfcc-feats.cc:176)  Done 23 out of 23 utterances.
LOG (copy-feats[5.4.110~1405-6a2dc]:main():copy-feats.cc:143) Copied 23 feature matrices.
# Accounting: time=1 threads=1
# Ended (code 0) at Fri Jun  1 13:13:56 CST 2018, elapsed time 1 seconds
