# compute-mfcc-feats --verbose=2 --config=conf/mfcc.conf scp,p:exp/make_mfcc/train/wav_train.2.scp ark:- | copy-feats --compress=true ark:- ark,scp:/home/mino/kaldi/kaldi-digits/mfcc/raw_mfcc_train.2.ark,/home/mino/kaldi/kaldi-digits/mfcc/raw_mfcc_train.2.scp 
# Started at Fri Jun  1 13:13:55 CST 2018
#
copy-feats --compress=true ark:- ark,scp:/home/mino/kaldi/kaldi-digits/mfcc/raw_mfcc_train.2.ark,/home/mino/kaldi/kaldi-digits/mfcc/raw_mfcc_train.2.scp 
compute-mfcc-feats --verbose=2 --config=conf/mfcc.conf scp,p:exp/make_mfcc/train/wav_train.2.scp ark:- 
VLOG[2] (compute-mfcc-feats[5.4.110~1405-6a2dc]:main():compute-mfcc-feats.cc:173) Processed features for key 3-325
VLOG[2] (compute-mfcc-feats[5.4.110~1405-6a2dc]:main():compute-mfcc-feats.cc:173) Processed features for key 3-458
VLOG[2] (compute-mfcc-feats[5.4.110~1405-6a2dc]:main():compute-mfcc-feats.cc:173) Processed features for key 3-546
VLOG[2] (compute-mfcc-feats[5.4.110~1405-6a2dc]:main():compute-mfcc-feats.cc:173) Processed features for key 3-632
VLOG[2] (compute-mfcc-feats[5.4.110~1405-6a2dc]:main():compute-mfcc-feats.cc:173) Processed features for key 3-678
VLOG[2] (compute-mfcc-feats[5.4.110~1405-6a2dc]:main():compute-mfcc-feats.cc:173) Processed features for key 3-876
VLOG[2] (compute-mfcc-feats[5.4.110~1405-6a2dc]:main():compute-mfcc-feats.cc:173) Processed features for key 3-894
VLOG[2] (compute-mfcc-feats[5.4.110~1405-6a2dc]:main():compute-mfcc-feats.cc:173) Processed features for key 4-032
VLOG[2] (compute-mfcc-feats[5.4.110~1405-6a2dc]:main():compute-mfcc-feats.cc:173) Processed features for key 4-156
LOG (compute-mfcc-feats[5.4.110~1405-6a2dc]:main():compute-mfcc-feats.cc:172) Processed 10 utterances
VLOG[2] (compute-mfcc-feats[5.4.110~1405-6a2dc]:main():compute-mfcc-feats.cc:173) Processed features for key 4-216
VLOG[2] (compute-mfcc-feats[5.4.110~1405-6a2dc]:main():compute-mfcc-feats.cc:173) Processed features for key 4-265
VLOG[2] (compute-mfcc-feats[5.4.110~1405-6a2dc]:main():compute-mfcc-feats.cc:173) Processed features for key 4-519
VLOG[2] (compute-mfcc-feats[5.4.110~1405-6a2dc]:main():compute-mfcc-feats.cc:173) Processed features for key 4-657
VLOG[2] (compute-mfcc-feats[5.4.110~1405-6a2dc]:main():compute-mfcc-feats.cc:173) Processed features for key 4-785
VLOG[2] (compute-mfcc-feats[5.4.110~1405-6a2dc]:main():compute-mfcc-feats.cc:173) Processed features for key 4-847
VLOG[2] (compute-mfcc-feats[5.4.110~1405-6a2dc]:main():compute-mfcc-feats.cc:173) Processed features for key 4-947
VLOG[2] (compute-mfcc-feats[5.4.110~1405-6a2dc]:main():compute-mfcc-feats.cc:173) Processed features for key 4-987
VLOG[2] (compute-mfcc-feats[5.4.110~1405-6a2dc]:main():compute-mfcc-feats.cc:173) Processed features for key 5-102
VLOG[2] (compute-mfcc-feats[5.4.110~1405-6a2dc]:main():compute-mfcc-feats.cc:173) Processed features for key 5-120
LOG (compute-mfcc-feats[5.4.110~1405-6a2dc]:main():compute-mfcc-feats.cc:172) Processed 20 utterances
VLOG[2] (compute-mfcc-feats[5.4.110~1405-6a2dc]:main():compute-mfcc-feats.cc:173) Processed features for key 5-231
VLOG[2] (compute-mfcc-feats[5.4.110~1405-6a2dc]:main():compute-mfcc-feats.cc:173) Processed features for key 5-241
VLOG[2] (compute-mfcc-feats[5.4.110~1405-6a2dc]:main():compute-mfcc-feats.cc:173) Processed features for key 5-411
VLOG[2] (compute-mfcc-feats[5.4.110~1405-6a2dc]:main():compute-mfcc-feats.cc:173) Processed features for key 5-620
LOG (compute-mfcc-feats[5.4.110~1405-6a2dc]:main():compute-mfcc-feats.cc:176)  Done 23 out of 23 utterances.
LOG (copy-feats[5.4.110~1405-6a2dc]:main():copy-feats.cc:143) Copied 23 feature matrices.
# Accounting: time=1 threads=1
# Ended (code 0) at Fri Jun  1 13:13:56 CST 2018, elapsed time 1 seconds
