# lattice-scale --inv-acoustic-scale=7 "ark:gunzip -c exp/mono/decode//lat.*.gz|" ark:- | lattice-add-penalty --word-ins-penalty=0.0 ark:- ark:- | lattice-best-path --word-symbol-table=data/lang/words.txt ark:- ark,t:exp/mono/decode//scoring/7.tra 
# Started at Fri Jun  1 13:14:11 CST 2018
#
lattice-scale --inv-acoustic-scale=7 'ark:gunzip -c exp/mono/decode//lat.*.gz|' ark:- 
lattice-best-path --word-symbol-table=data/lang/words.txt ark:- ark,t:exp/mono/decode//scoring/7.tra 
lattice-add-penalty --word-ins-penalty=0.0 ark:- ark:- 
LOG (lattice-best-path[5.4.110~1405-6a2dc]:main():lattice-best-path.cc:99) For utterance 1-584, best cost 28.0414 + 2568.35 = 2596.4 over 212 frames.
1-584 五 八 四 
LOG (lattice-best-path[5.4.110~1405-6a2dc]:main():lattice-best-path.cc:99) For utterance 1-774, best cost 28.7151 + 2587.88 = 2616.6 over 212 frames.
1-774 七 七 四 
LOG (lattice-best-path[5.4.110~1405-6a2dc]:main():lattice-best-path.cc:99) For utterance 1-789, best cost 34.5674 + 3261.37 = 3295.94 over 249 frames.
1-789 七 八 九 
LOG (lattice-best-path[5.4.110~1405-6a2dc]:main():lattice-best-path.cc:99) For utterance 1-897, best cost 33.6984 + 3059.28 = 3092.97 over 230 frames.
1-897 八 九 七 
LOG (lattice-best-path[5.4.110~1405-6a2dc]:main():lattice-best-path.cc:99) For utterance 1-905, best cost 26.6734 + 2817.7 = 2844.37 over 221 frames.
1-905 九 零 五 
LOG (lattice-best-path[5.4.110~1405-6a2dc]:main():lattice-best-path.cc:99) For utterance 1-964, best cost 26.7614 + 2748.57 = 2775.33 over 221 frames.
1-964 九 六 四 
LOG (lattice-best-path[5.4.110~1405-6a2dc]:main():lattice-best-path.cc:99) For utterance 2-021, best cost 25.0322 + 2438.38 = 2463.42 over 212 frames.
2-021 零 二 一 
LOG (lattice-best-path[5.4.110~1405-6a2dc]:main():lattice-best-path.cc:99) For utterance 2-578, best cost 31.5966 + 2691.5 = 2723.1 over 230 frames.
2-578 五 七 八 
LOG (lattice-best-path[5.4.110~1405-6a2dc]:main():lattice-best-path.cc:99) For utterance 2-702, best cost 28.0113 + 2764.7 = 2792.71 over 230 frames.
2-702 七 零 二 
LOG (lattice-best-path[5.4.110~1405-6a2dc]:main():lattice-best-path.cc:99) For utterance 2-718, best cost 28.7958 + 3231.66 = 3260.46 over 267 frames.
2-718 七 一 八 
LOG (lattice-best-path[5.4.110~1405-6a2dc]:main():lattice-best-path.cc:99) For utterance 2-789, best cost 29.5933 + 2991.29 = 3020.88 over 239 frames.
2-789 七 八 九 
LOG (lattice-best-path[5.4.110~1405-6a2dc]:main():lattice-best-path.cc:99) For utterance 2-891, best cost 31.2912 + 2875.45 = 2906.75 over 230 frames.
2-891 八 九 一 
LOG (lattice-best-path[5.4.110~1405-6a2dc]:main():lattice-best-path.cc:99) For utterance 3-132, best cost 23.8347 + 2821.88 = 2845.72 over 212 frames.
3-132 一 三 二 
LOG (lattice-scale[5.4.110~1405-6a2dc]:main():lattice-scale.cc:107) Done 54 lattices.
LOG (lattice-best-path[5.4.110~1405-6a2dc]:main():lattice-best-path.cc:99) For utterance 3-254, best cost 27.5482 + 2749.04 = 2776.59 over 230 frames.
3-254 二 五 四 
LOG (lattice-best-path[5.4.110~1405-6a2dc]:main():lattice-best-path.cc:99) For utterance 3-467, best cost 28.6771 + 2708.28 = 2736.96 over 230 frames.
3-467 四 六 七 
LOG (lattice-best-path[5.4.110~1405-6a2dc]:main():lattice-best-path.cc:99) For utterance 3-587, best cost 28.6899 + 2824.87 = 2853.56 over 230 frames.
3-587 五 八 七 
LOG (lattice-best-path[5.4.110~1405-6a2dc]:main():lattice-best-path.cc:99) For utterance 3-789, best cost 31.7574 + 2949.01 = 2980.77 over 239 frames.
3-789 七 八 九 
LOG (lattice-best-path[5.4.110~1405-6a2dc]:main():lattice-best-path.cc:99) For utterance 3-945, best cost 27.5458 + 3245.38 = 3272.92 over 249 frames.
3-945 九 四 五 
LOG (lattice-best-path[5.4.110~1405-6a2dc]:main():lattice-best-path.cc:99) For utterance 4-112, best cost 25.2907 + 2719.82 = 2745.12 over 230 frames.
4-112 一 一 二 
LOG (lattice-best-path[5.4.110~1405-6a2dc]:main():lattice-best-path.cc:99) For utterance 4-141, best cost 27.5256 + 2848.19 = 2875.71 over 239 frames.
4-141 一 四 一 
LOG (lattice-best-path[5.4.110~1405-6a2dc]:main():lattice-best-path.cc:99) For utterance 4-412, best cost 31.8853 + 3304.67 = 3336.55 over 267 frames.
4-412 四 一 二 
LOG (lattice-best-path[5.4.110~1405-6a2dc]:main():lattice-best-path.cc:99) For utterance 4-596, best cost 30.8577 + 2840.88 = 2871.74 over 239 frames.
4-596 五 九 六 
LOG (lattice-best-path[5.4.110~1405-6a2dc]:main():lattice-best-path.cc:99) For utterance 4-841, best cost 25.7342 + 2952.79 = 2978.52 over 249 frames.
4-841 八 四 一 
LOG (lattice-best-path[5.4.110~1405-6a2dc]:main():lattice-best-path.cc:99) For utterance 4-984, best cost 35.2381 + 3176.23 = 3211.47 over 258 frames.
4-984 九 八 四 
LOG (lattice-best-path[5.4.110~1405-6a2dc]:main():lattice-best-path.cc:99) For utterance 5-105, best cost 25.4627 + 2595.61 = 2621.07 over 221 frames.
5-105 一 零 五 
LOG (lattice-best-path[5.4.110~1405-6a2dc]:main():lattice-best-path.cc:99) For utterance 5-236, best cost 25.1862 + 3369.33 = 3394.51 over 249 frames.
5-236 二 三 六 
LOG (lattice-best-path[5.4.110~1405-6a2dc]:main():lattice-best-path.cc:99) For utterance 5-415, best cost 27.4408 + 3058.89 = 3086.33 over 258 frames.
5-415 四 一 五 
LOG (lattice-best-path[5.4.110~1405-6a2dc]:main():lattice-best-path.cc:99) For utterance 5-419, best cost 25.0437 + 3012.21 = 3037.25 over 239 frames.
5-419 四 一 九 
LOG (lattice-best-path[5.4.110~1405-6a2dc]:main():lattice-best-path.cc:99) For utterance 5-742, best cost 25.5515 + 2766.1 = 2791.65 over 230 frames.
5-742 七 四 二 
LOG (lattice-best-path[5.4.110~1405-6a2dc]:main():lattice-best-path.cc:99) For utterance 5-986, best cost 28.515 + 2890.19 = 2918.71 over 239 frames.
5-986 九 八 六 
LOG (lattice-best-path[5.4.110~1405-6a2dc]:main():lattice-best-path.cc:99) For utterance 6-032, best cost 31.2198 + 3862.13 = 3893.35 over 339 frames.
6-032 零 五 三 二 
LOG (lattice-best-path[5.4.110~1405-6a2dc]:main():lattice-best-path.cc:99) For utterance 6-123, best cost 22.32 + 3840.73 = 3863.05 over 385 frames.
6-123 一 二 三 
LOG (lattice-best-path[5.4.110~1405-6a2dc]:main():lattice-best-path.cc:99) For utterance 6-230, best cost 22.5074 + 3558.3 = 3580.8 over 352 frames.
6-230 二 三 零 
LOG (lattice-best-path[5.4.110~1405-6a2dc]:main():lattice-best-path.cc:99) For utterance 6-234, best cost 22.4253 + 3743.12 = 3765.54 over 363 frames.
6-234 二 三 四 
LOG (lattice-best-path[5.4.110~1405-6a2dc]:main():lattice-best-path.cc:99) For utterance 6-450, best cost 31.1747 + 3837.71 = 3868.89 over 373 frames.
6-450 四 一 五 零 
LOG (lattice-best-path[5.4.110~1405-6a2dc]:main():lattice-best-path.cc:99) For utterance 6-560, best cost 24.0072 + 3350.17 = 3374.18 over 319 frames.
6-560 零 六 零 
LOG (lattice-best-path[5.4.110~1405-6a2dc]:main():lattice-best-path.cc:99) For utterance 7-011, best cost 22.9161 + 3463.63 = 3486.55 over 336 frames.
7-011 零 一 一 
LOG (lattice-best-path[5.4.110~1405-6a2dc]:main():lattice-best-path.cc:99) For utterance 7-230, best cost 22.6446 + 3552.83 = 3575.48 over 343 frames.
7-230 二 三 零 
LOG (lattice-best-path[5.4.110~1405-6a2dc]:main():lattice-best-path.cc:99) For utterance 7-567, best cost 27.1952 + 3905.39 = 3932.58 over 400 frames.
7-567 二 六 七 
LOG (lattice-add-penalty[5.4.110~1405-6a2dc]:main():lattice-add-penalty.cc:62) Done adding word insertion penalty to 54 lattices.
LOG (lattice-best-path[5.4.110~1405-6a2dc]:main():lattice-best-path.cc:99) For utterance 7-678, best cost 27.9084 + 3753.95 = 3781.85 over 374 frames.
7-678 六 二 七 八 
LOG (lattice-best-path[5.4.110~1405-6a2dc]:main():lattice-best-path.cc:99) For utterance 7-748, best cost 23.6219 + 3779.37 = 3803 over 387 frames.
7-748 七 四 八 
LOG (lattice-best-path[5.4.110~1405-6a2dc]:main():lattice-best-path.cc:99) For utterance 7-951, best cost 27.7909 + 4206.45 = 4234.24 over 419 frames.
7-951 九 五 一 
LOG (lattice-best-path[5.4.110~1405-6a2dc]:main():lattice-best-path.cc:99) For utterance 8-122, best cost 21.6107 + 3855.72 = 3877.33 over 377 frames.
8-122 一 二 二 
LOG (lattice-best-path[5.4.110~1405-6a2dc]:main():lattice-best-path.cc:99) For utterance 8-211, best cost 31.3201 + 3877.08 = 3908.4 over 361 frames.
8-211 二 二 一 一 一 
LOG (lattice-best-path[5.4.110~1405-6a2dc]:main():lattice-best-path.cc:99) For utterance 8-235, best cost 25.8353 + 3741.34 = 3767.18 over 364 frames.
8-235 二 三 一 
LOG (lattice-best-path[5.4.110~1405-6a2dc]:main():lattice-best-path.cc:99) For utterance 8-348, best cost 27.4856 + 3624.31 = 3651.8 over 355 frames.
8-348 三 四 一 八 
LOG (lattice-best-path[5.4.110~1405-6a2dc]:main():lattice-best-path.cc:99) For utterance 8-524, best cost 26.0736 + 3731.79 = 3757.86 over 363 frames.
8-524 一 二 四 
LOG (lattice-best-path[5.4.110~1405-6a2dc]:main():lattice-best-path.cc:99) For utterance 8-808, best cost 24.0954 + 3651.77 = 3675.86 over 372 frames.
8-808 八 零 八 
LOG (lattice-best-path[5.4.110~1405-6a2dc]:main():lattice-best-path.cc:99) For utterance 9-002, best cost 28.539 + 4611.66 = 4640.2 over 430 frames.
9-002 二 零 零 二 
LOG (lattice-best-path[5.4.110~1405-6a2dc]:main():lattice-best-path.cc:99) For utterance 9-036, best cost 27.698 + 3845.69 = 3873.39 over 363 frames.
9-036 零 三 六 二 
LOG (lattice-best-path[5.4.110~1405-6a2dc]:main():lattice-best-path.cc:99) For utterance 9-202, best cost 26.0662 + 4031.6 = 4057.67 over 383 frames.
9-202 二 零 一 二 
LOG (lattice-best-path[5.4.110~1405-6a2dc]:main():lattice-best-path.cc:99) For utterance 9-352, best cost 26.3883 + 4069.99 = 4096.38 over 431 frames.
9-352 三 一 二 
LOG (lattice-best-path[5.4.110~1405-6a2dc]:main():lattice-best-path.cc:99) For utterance 9-510, best cost 27.0348 + 4061.04 = 4088.08 over 409 frames.
9-510 五 一 零 
LOG (lattice-best-path[5.4.110~1405-6a2dc]:main():lattice-best-path.cc:99) For utterance 9-912, best cost 23.2253 + 3898.84 = 3922.06 over 377 frames.
9-912 九 一 二 
LOG (lattice-best-path[5.4.110~1405-6a2dc]:main():lattice-best-path.cc:124) Overall cost per frame is 11.2372 = 0.0920221 [graph] + 11.1452 [acoustic] over 16036 frames.
LOG (lattice-best-path[5.4.110~1405-6a2dc]:main():lattice-best-path.cc:128) Done 54 lattices, failed for 0
# Accounting: time=0 threads=1
# Ended (code 0) at Fri Jun  1 13:14:11 CST 2018, elapsed time 0 seconds
