# gmm-align-compiled --transition-scale=1.0 --acoustic-scale=0.1 --self-loop-scale=0.1 --beam=10 --retry-beam=40 --careful=false "gmm-boost-silence --boost=1.0 1 exp/mono/4.mdl - |" "ark:gunzip -c exp/mono/fsts.3.gz|" "ark,s,cs:apply-cmvn  --utt2spk=ark:data/train/split4/3/utt2spk scp:data/train/split4/3/cmvn.scp scp:data/train/split4/3/feats.scp ark:- | add-deltas ark:- ark:- |" "ark,t:|gzip -c >exp/mono/ali.3.gz" 
# Started at Fri Jun  1 13:13:59 CST 2018
#
gmm-align-compiled --transition-scale=1.0 --acoustic-scale=0.1 --self-loop-scale=0.1 --beam=10 --retry-beam=40 --careful=false 'gmm-boost-silence --boost=1.0 1 exp/mono/4.mdl - |' 'ark:gunzip -c exp/mono/fsts.3.gz|' 'ark,s,cs:apply-cmvn  --utt2spk=ark:data/train/split4/3/utt2spk scp:data/train/split4/3/cmvn.scp scp:data/train/split4/3/feats.scp ark:- | add-deltas ark:- ark:- |' 'ark,t:|gzip -c >exp/mono/ali.3.gz' 
gmm-boost-silence --boost=1.0 1 exp/mono/4.mdl - 
WARNING (gmm-boost-silence[5.4.110~1405-6a2dc]:main():gmm-boost-silence.cc:82) The pdfs for the silence phones may be shared by other phones (note: this probably does not matter.)
LOG (gmm-boost-silence[5.4.110~1405-6a2dc]:main():gmm-boost-silence.cc:93) Boosted weights for 5 pdfs, by factor of 1
LOG (gmm-boost-silence[5.4.110~1405-6a2dc]:main():gmm-boost-silence.cc:103) Wrote model to -
apply-cmvn --utt2spk=ark:data/train/split4/3/utt2spk scp:data/train/split4/3/cmvn.scp scp:data/train/split4/3/feats.scp ark:- 
add-deltas ark:- ark:- 
LOG (gmm-align-compiled[5.4.110~1405-6a2dc]:main():gmm-align-compiled.cc:127) 6-010
LOG (gmm-align-compiled[5.4.110~1405-6a2dc]:main():gmm-align-compiled.cc:127) 6-012
LOG (gmm-align-compiled[5.4.110~1405-6a2dc]:main():gmm-align-compiled.cc:127) 6-123
LOG (gmm-align-compiled[5.4.110~1405-6a2dc]:main():gmm-align-compiled.cc:127) 6-216
LOG (gmm-align-compiled[5.4.110~1405-6a2dc]:main():gmm-align-compiled.cc:127) 6-230
LOG (gmm-align-compiled[5.4.110~1405-6a2dc]:main():gmm-align-compiled.cc:127) 6-345
LOG (gmm-align-compiled[5.4.110~1405-6a2dc]:main():gmm-align-compiled.cc:127) 6-456
LOG (gmm-align-compiled[5.4.110~1405-6a2dc]:main():gmm-align-compiled.cc:127) 6-678
LOG (gmm-align-compiled[5.4.110~1405-6a2dc]:main():gmm-align-compiled.cc:127) 6-789
LOG (gmm-align-compiled[5.4.110~1405-6a2dc]:main():gmm-align-compiled.cc:127) 6-879
LOG (gmm-align-compiled[5.4.110~1405-6a2dc]:main():gmm-align-compiled.cc:127) 7-113
LOG (gmm-align-compiled[5.4.110~1405-6a2dc]:main():gmm-align-compiled.cc:127) 7-123
LOG (gmm-align-compiled[5.4.110~1405-6a2dc]:main():gmm-align-compiled.cc:127) 7-234
LOG (gmm-align-compiled[5.4.110~1405-6a2dc]:main():gmm-align-compiled.cc:127) 7-291
LOG (gmm-align-compiled[5.4.110~1405-6a2dc]:main():gmm-align-compiled.cc:127) 7-345
LOG (apply-cmvn[5.4.110~1405-6a2dc]:main():apply-cmvn.cc:162) Applied cepstral mean normalization to 20 utterances, errors on 0
LOG (gmm-align-compiled[5.4.110~1405-6a2dc]:main():gmm-align-compiled.cc:127) 7-415
LOG (gmm-align-compiled[5.4.110~1405-6a2dc]:main():gmm-align-compiled.cc:127) 7-582
LOG (gmm-align-compiled[5.4.110~1405-6a2dc]:main():gmm-align-compiled.cc:127) 7-753
LOG (gmm-align-compiled[5.4.110~1405-6a2dc]:main():gmm-align-compiled.cc:127) 7-891
LOG (gmm-align-compiled[5.4.110~1405-6a2dc]:main():gmm-align-compiled.cc:127) 7-967
LOG (gmm-align-compiled[5.4.110~1405-6a2dc]:main():gmm-align-compiled.cc:135) Overall log-likelihood per frame is -81.3793 over 7501 frames.
LOG (gmm-align-compiled[5.4.110~1405-6a2dc]:main():gmm-align-compiled.cc:137) Retried 0 out of 20 utterances.
LOG (gmm-align-compiled[5.4.110~1405-6a2dc]:main():gmm-align-compiled.cc:139) Done 20, errors on 0
# Accounting: time=0 threads=1
# Ended (code 0) at Fri Jun  1 13:13:59 CST 2018, elapsed time 0 seconds
