# gmm-align-compiled --transition-scale=1.0 --acoustic-scale=0.1 --self-loop-scale=0.1 --beam=10 --retry-beam=40 --careful=false "gmm-boost-silence --boost=1.0 1 exp/mono/14.mdl - |" "ark:gunzip -c exp/mono/fsts.1.gz|" "ark,s,cs:apply-cmvn  --utt2spk=ark:data/train/split4/1/utt2spk scp:data/train/split4/1/cmvn.scp scp:data/train/split4/1/feats.scp ark:- | add-deltas ark:- ark:- |" "ark,t:|gzip -c >exp/mono/ali.1.gz" 
# Started at Fri Jun  1 13:14:02 CST 2018
#
gmm-align-compiled --transition-scale=1.0 --acoustic-scale=0.1 --self-loop-scale=0.1 --beam=10 --retry-beam=40 --careful=false 'gmm-boost-silence --boost=1.0 1 exp/mono/14.mdl - |' 'ark:gunzip -c exp/mono/fsts.1.gz|' 'ark,s,cs:apply-cmvn  --utt2spk=ark:data/train/split4/1/utt2spk scp:data/train/split4/1/cmvn.scp scp:data/train/split4/1/feats.scp ark:- | add-deltas ark:- ark:- |' 'ark,t:|gzip -c >exp/mono/ali.1.gz' 
gmm-boost-silence --boost=1.0 1 exp/mono/14.mdl - 
WARNING (gmm-boost-silence[5.4.110~1405-6a2dc]:main():gmm-boost-silence.cc:82) The pdfs for the silence phones may be shared by other phones (note: this probably does not matter.)
LOG (gmm-boost-silence[5.4.110~1405-6a2dc]:main():gmm-boost-silence.cc:93) Boosted weights for 5 pdfs, by factor of 1
LOG (gmm-boost-silence[5.4.110~1405-6a2dc]:main():gmm-boost-silence.cc:103) Wrote model to -
add-deltas ark:- ark:- 
apply-cmvn --utt2spk=ark:data/train/split4/1/utt2spk scp:data/train/split4/1/cmvn.scp scp:data/train/split4/1/feats.scp ark:- 
LOG (gmm-align-compiled[5.4.110~1405-6a2dc]:main():gmm-align-compiled.cc:127) 1-040
LOG (gmm-align-compiled[5.4.110~1405-6a2dc]:main():gmm-align-compiled.cc:127) 1-089
LOG (gmm-align-compiled[5.4.110~1405-6a2dc]:main():gmm-align-compiled.cc:127) 1-104
LOG (gmm-align-compiled[5.4.110~1405-6a2dc]:main():gmm-align-compiled.cc:127) 1-231
LOG (gmm-align-compiled[5.4.110~1405-6a2dc]:main():gmm-align-compiled.cc:127) 1-327
LOG (gmm-align-compiled[5.4.110~1405-6a2dc]:main():gmm-align-compiled.cc:127) 1-413
LOG (gmm-align-compiled[5.4.110~1405-6a2dc]:main():gmm-align-compiled.cc:127) 1-462
LOG (gmm-align-compiled[5.4.110~1405-6a2dc]:main():gmm-align-compiled.cc:127) 1-468
LOG (gmm-align-compiled[5.4.110~1405-6a2dc]:main():gmm-align-compiled.cc:127) 1-470
LOG (gmm-align-compiled[5.4.110~1405-6a2dc]:main():gmm-align-compiled.cc:127) 1-560
LOG (gmm-align-compiled[5.4.110~1405-6a2dc]:main():gmm-align-compiled.cc:127) 2-012
LOG (gmm-align-compiled[5.4.110~1405-6a2dc]:main():gmm-align-compiled.cc:127) 2-117
LOG (gmm-align-compiled[5.4.110~1405-6a2dc]:main():gmm-align-compiled.cc:127) 2-123
LOG (gmm-align-compiled[5.4.110~1405-6a2dc]:main():gmm-align-compiled.cc:127) 2-171
LOG (gmm-align-compiled[5.4.110~1405-6a2dc]:main():gmm-align-compiled.cc:127) 2-217
LOG (gmm-align-compiled[5.4.110~1405-6a2dc]:main():gmm-align-compiled.cc:127) 2-234
LOG (gmm-align-compiled[5.4.110~1405-6a2dc]:main():gmm-align-compiled.cc:127) 2-341
LOG (gmm-align-compiled[5.4.110~1405-6a2dc]:main():gmm-align-compiled.cc:127) 2-345
LOG (gmm-align-compiled[5.4.110~1405-6a2dc]:main():gmm-align-compiled.cc:127) 2-457
LOG (gmm-align-compiled[5.4.110~1405-6a2dc]:main():gmm-align-compiled.cc:127) 2-757
LOG (gmm-align-compiled[5.4.110~1405-6a2dc]:main():gmm-align-compiled.cc:127) 3-013
LOG (gmm-align-compiled[5.4.110~1405-6a2dc]:main():gmm-align-compiled.cc:127) 3-140
LOG (gmm-align-compiled[5.4.110~1405-6a2dc]:main():gmm-align-compiled.cc:127) 3-214
LOG (apply-cmvn[5.4.110~1405-6a2dc]:main():apply-cmvn.cc:162) Applied cepstral mean normalization to 30 utterances, errors on 0
LOG (gmm-align-compiled[5.4.110~1405-6a2dc]:main():gmm-align-compiled.cc:127) 3-325
LOG (gmm-align-compiled[5.4.110~1405-6a2dc]:main():gmm-align-compiled.cc:127) 3-458
LOG (gmm-align-compiled[5.4.110~1405-6a2dc]:main():gmm-align-compiled.cc:127) 3-546
LOG (gmm-align-compiled[5.4.110~1405-6a2dc]:main():gmm-align-compiled.cc:127) 3-632
LOG (gmm-align-compiled[5.4.110~1405-6a2dc]:main():gmm-align-compiled.cc:127) 3-678
LOG (gmm-align-compiled[5.4.110~1405-6a2dc]:main():gmm-align-compiled.cc:127) 3-876
LOG (gmm-align-compiled[5.4.110~1405-6a2dc]:main():gmm-align-compiled.cc:127) 3-894
LOG (gmm-align-compiled[5.4.110~1405-6a2dc]:main():gmm-align-compiled.cc:135) Overall log-likelihood per frame is -84.2054 over 7984 frames.
LOG (gmm-align-compiled[5.4.110~1405-6a2dc]:main():gmm-align-compiled.cc:137) Retried 0 out of 30 utterances.
LOG (gmm-align-compiled[5.4.110~1405-6a2dc]:main():gmm-align-compiled.cc:139) Done 30, errors on 0
# Accounting: time=1 threads=1
# Ended (code 0) at Fri Jun  1 13:14:03 CST 2018, elapsed time 1 seconds
