# gmm-align-compiled --transition-scale=1.0 --acoustic-scale=0.1 --self-loop-scale=0.1 --beam=10 --retry-beam=40 --careful=false "gmm-boost-silence --boost=1.0 1 exp/mono/18.mdl - |" "ark:gunzip -c exp/mono/fsts.4.gz|" "ark,s,cs:apply-cmvn  --utt2spk=ark:data/train/split4/4/utt2spk scp:data/train/split4/4/cmvn.scp scp:data/train/split4/4/feats.scp ark:- | add-deltas ark:- ark:- |" "ark,t:|gzip -c >exp/mono/ali.4.gz" 
# Started at Fri Jun  1 13:14:03 CST 2018
#
gmm-align-compiled --transition-scale=1.0 --acoustic-scale=0.1 --self-loop-scale=0.1 --beam=10 --retry-beam=40 --careful=false 'gmm-boost-silence --boost=1.0 1 exp/mono/18.mdl - |' 'ark:gunzip -c exp/mono/fsts.4.gz|' 'ark,s,cs:apply-cmvn  --utt2spk=ark:data/train/split4/4/utt2spk scp:data/train/split4/4/cmvn.scp scp:data/train/split4/4/feats.scp ark:- | add-deltas ark:- ark:- |' 'ark,t:|gzip -c >exp/mono/ali.4.gz' 
gmm-boost-silence --boost=1.0 1 exp/mono/18.mdl - 
WARNING (gmm-boost-silence[5.4.110~1405-6a2dc]:main():gmm-boost-silence.cc:82) The pdfs for the silence phones may be shared by other phones (note: this probably does not matter.)
LOG (gmm-boost-silence[5.4.110~1405-6a2dc]:main():gmm-boost-silence.cc:93) Boosted weights for 5 pdfs, by factor of 1
LOG (gmm-boost-silence[5.4.110~1405-6a2dc]:main():gmm-boost-silence.cc:103) Wrote model to -
add-deltas ark:- ark:- 
apply-cmvn --utt2spk=ark:data/train/split4/4/utt2spk scp:data/train/split4/4/cmvn.scp scp:data/train/split4/4/feats.scp ark:- 
LOG (gmm-align-compiled[5.4.110~1405-6a2dc]:main():gmm-align-compiled.cc:127) 8-102
LOG (gmm-align-compiled[5.4.110~1405-6a2dc]:main():gmm-align-compiled.cc:127) 8-132
LOG (gmm-align-compiled[5.4.110~1405-6a2dc]:main():gmm-align-compiled.cc:127) 8-201
LOG (gmm-align-compiled[5.4.110~1405-6a2dc]:main():gmm-align-compiled.cc:127) 8-234
LOG (gmm-align-compiled[5.4.110~1405-6a2dc]:main():gmm-align-compiled.cc:127) 8-245
LOG (gmm-align-compiled[5.4.110~1405-6a2dc]:main():gmm-align-compiled.cc:127) 8-457
LOG (gmm-align-compiled[5.4.110~1405-6a2dc]:main():gmm-align-compiled.cc:127) 8-718
LOG (gmm-align-compiled[5.4.110~1405-6a2dc]:main():gmm-align-compiled.cc:127) 8-768
LOG (gmm-align-compiled[5.4.110~1405-6a2dc]:main():gmm-align-compiled.cc:127) 8-802
LOG (gmm-align-compiled[5.4.110~1405-6a2dc]:main():gmm-align-compiled.cc:127) 8-932
LOG (gmm-align-compiled[5.4.110~1405-6a2dc]:main():gmm-align-compiled.cc:127) 9-015
LOG (gmm-align-compiled[5.4.110~1405-6a2dc]:main():gmm-align-compiled.cc:127) 9-034
LOG (gmm-align-compiled[5.4.110~1405-6a2dc]:main():gmm-align-compiled.cc:127) 9-137
LOG (gmm-align-compiled[5.4.110~1405-6a2dc]:main():gmm-align-compiled.cc:127) 9-216
LOG (apply-cmvn[5.4.110~1405-6a2dc]:main():apply-cmvn.cc:162) Applied cepstral mean normalization to 20 utterances, errors on 0
LOG (gmm-align-compiled[5.4.110~1405-6a2dc]:main():gmm-align-compiled.cc:127) 9-233
LOG (gmm-align-compiled[5.4.110~1405-6a2dc]:main():gmm-align-compiled.cc:127) 9-437
LOG (gmm-align-compiled[5.4.110~1405-6a2dc]:main():gmm-align-compiled.cc:127) 9-604
LOG (gmm-align-compiled[5.4.110~1405-6a2dc]:main():gmm-align-compiled.cc:127) 9-859
LOG (gmm-align-compiled[5.4.110~1405-6a2dc]:main():gmm-align-compiled.cc:127) 9-875
LOG (gmm-align-compiled[5.4.110~1405-6a2dc]:main():gmm-align-compiled.cc:127) 9-993
LOG (gmm-align-compiled[5.4.110~1405-6a2dc]:main():gmm-align-compiled.cc:135) Overall log-likelihood per frame is -71.3967 over 7187 frames.
LOG (gmm-align-compiled[5.4.110~1405-6a2dc]:main():gmm-align-compiled.cc:137) Retried 0 out of 20 utterances.
LOG (gmm-align-compiled[5.4.110~1405-6a2dc]:main():gmm-align-compiled.cc:139) Done 20, errors on 0
# Accounting: time=1 threads=1
# Ended (code 0) at Fri Jun  1 13:14:04 CST 2018, elapsed time 1 seconds
