# gmm-align-compiled --transition-scale=1.0 --acoustic-scale=0.1 --self-loop-scale=0.1 --beam=10 --retry-beam=40 --careful=false "gmm-boost-silence --boost=1.0 1 exp/mono/26.mdl - |" "ark:gunzip -c exp/mono/fsts.2.gz|" "ark,s,cs:apply-cmvn  --utt2spk=ark:data/train/split4/2/utt2spk scp:data/train/split4/2/cmvn.scp scp:data/train/split4/2/feats.scp ark:- | add-deltas ark:- ark:- |" "ark,t:|gzip -c >exp/mono/ali.2.gz" 
# Started at Fri Jun  1 13:14:05 CST 2018
#
gmm-align-compiled --transition-scale=1.0 --acoustic-scale=0.1 --self-loop-scale=0.1 --beam=10 --retry-beam=40 --careful=false 'gmm-boost-silence --boost=1.0 1 exp/mono/26.mdl - |' 'ark:gunzip -c exp/mono/fsts.2.gz|' 'ark,s,cs:apply-cmvn  --utt2spk=ark:data/train/split4/2/utt2spk scp:data/train/split4/2/cmvn.scp scp:data/train/split4/2/feats.scp ark:- | add-deltas ark:- ark:- |' 'ark,t:|gzip -c >exp/mono/ali.2.gz' 
gmm-boost-silence --boost=1.0 1 exp/mono/26.mdl - 
WARNING (gmm-boost-silence[5.4.110~1405-6a2dc]:main():gmm-boost-silence.cc:82) The pdfs for the silence phones may be shared by other phones (note: this probably does not matter.)
LOG (gmm-boost-silence[5.4.110~1405-6a2dc]:main():gmm-boost-silence.cc:93) Boosted weights for 5 pdfs, by factor of 1
LOG (gmm-boost-silence[5.4.110~1405-6a2dc]:main():gmm-boost-silence.cc:103) Wrote model to -
add-deltas ark:- ark:- 
apply-cmvn --utt2spk=ark:data/train/split4/2/utt2spk scp:data/train/split4/2/cmvn.scp scp:data/train/split4/2/feats.scp ark:- 
LOG (gmm-align-compiled[5.4.110~1405-6a2dc]:main():gmm-align-compiled.cc:127) 4-032
LOG (gmm-align-compiled[5.4.110~1405-6a2dc]:main():gmm-align-compiled.cc:127) 4-156
LOG (gmm-align-compiled[5.4.110~1405-6a2dc]:main():gmm-align-compiled.cc:127) 4-216
LOG (gmm-align-compiled[5.4.110~1405-6a2dc]:main():gmm-align-compiled.cc:127) 4-265
LOG (gmm-align-compiled[5.4.110~1405-6a2dc]:main():gmm-align-compiled.cc:127) 4-519
LOG (gmm-align-compiled[5.4.110~1405-6a2dc]:main():gmm-align-compiled.cc:127) 4-657
LOG (gmm-align-compiled[5.4.110~1405-6a2dc]:main():gmm-align-compiled.cc:127) 4-785
LOG (gmm-align-compiled[5.4.110~1405-6a2dc]:main():gmm-align-compiled.cc:127) 4-847
LOG (gmm-align-compiled[5.4.110~1405-6a2dc]:main():gmm-align-compiled.cc:127) 4-947
LOG (gmm-align-compiled[5.4.110~1405-6a2dc]:main():gmm-align-compiled.cc:127) 4-987
LOG (gmm-align-compiled[5.4.110~1405-6a2dc]:main():gmm-align-compiled.cc:127) 5-102
LOG (gmm-align-compiled[5.4.110~1405-6a2dc]:main():gmm-align-compiled.cc:127) 5-120
LOG (apply-cmvn[5.4.110~1405-6a2dc]:main():apply-cmvn.cc:162) Applied cepstral mean normalization to 20 utterances, errors on 0
LOG (gmm-align-compiled[5.4.110~1405-6a2dc]:main():gmm-align-compiled.cc:127) 5-231
LOG (gmm-align-compiled[5.4.110~1405-6a2dc]:main():gmm-align-compiled.cc:127) 5-241
LOG (gmm-align-compiled[5.4.110~1405-6a2dc]:main():gmm-align-compiled.cc:127) 5-411
LOG (gmm-align-compiled[5.4.110~1405-6a2dc]:main():gmm-align-compiled.cc:127) 5-620
LOG (gmm-align-compiled[5.4.110~1405-6a2dc]:main():gmm-align-compiled.cc:127) 5-641
LOG (gmm-align-compiled[5.4.110~1405-6a2dc]:main():gmm-align-compiled.cc:127) 5-732
LOG (gmm-align-compiled[5.4.110~1405-6a2dc]:main():gmm-align-compiled.cc:127) 5-784
LOG (gmm-align-compiled[5.4.110~1405-6a2dc]:main():gmm-align-compiled.cc:127) 5-897
LOG (gmm-align-compiled[5.4.110~1405-6a2dc]:main():gmm-align-compiled.cc:135) Overall log-likelihood per frame is -82.2777 over 4651 frames.
LOG (gmm-align-compiled[5.4.110~1405-6a2dc]:main():gmm-align-compiled.cc:137) Retried 0 out of 20 utterances.
LOG (gmm-align-compiled[5.4.110~1405-6a2dc]:main():gmm-align-compiled.cc:139) Done 20, errors on 0
# Accounting: time=0 threads=1
# Ended (code 0) at Fri Jun  1 13:14:05 CST 2018, elapsed time 0 seconds
