# gmm-est --write-occs=exp/mono/21.occs --mix-up=647 --power=0.25 exp/mono/20.mdl "gmm-sum-accs - exp/mono/20.*.acc|" exp/mono/21.mdl 
# Started at Fri Jun  1 13:14:04 CST 2018
#
gmm-est --write-occs=exp/mono/21.occs --mix-up=647 --power=0.25 exp/mono/20.mdl 'gmm-sum-accs - exp/mono/20.*.acc|' exp/mono/21.mdl 
gmm-sum-accs - exp/mono/20.1.acc exp/mono/20.2.acc exp/mono/20.3.acc exp/mono/20.4.acc 
LOG (gmm-sum-accs[5.4.110~1405-6a2dc]:main():gmm-sum-accs.cc:63) Summed 4 stats, total count 27323, avg like/frame -75.6861
LOG (gmm-sum-accs[5.4.110~1405-6a2dc]:main():gmm-sum-accs.cc:66) Total count of stats is 27323
LOG (gmm-sum-accs[5.4.110~1405-6a2dc]:main():gmm-sum-accs.cc:67) Written stats to -
LOG (gmm-est[5.4.110~1405-6a2dc]:MleUpdate():transition-model.cc:517) TransitionModel::Update, objf change is 1.37469e-05 per frame over 27323 frames. 
LOG (gmm-est[5.4.110~1405-6a2dc]:MleUpdate():transition-model.cc:520) 6 probabilities floored, 189 out of 242 transition-states skipped due to insuffient data (it is normal to have some skipped.)
LOG (gmm-est[5.4.110~1405-6a2dc]:main():gmm-est.cc:102) Transition model update: Overall 1.37469e-05 log-like improvement per frame over 27323 frames.
WARNING (gmm-est[5.4.110~1405-6a2dc]:MleDiagGmmUpdate():mle-diag-gmm.cc:365) Gaussian has too little data but not removing it because it is the last Gaussian: i = 0, occ = 0, weight = 1
WARNING (gmm-est[5.4.110~1405-6a2dc]:MleDiagGmmUpdate():mle-diag-gmm.cc:365) Gaussian has too little data but not removing it because it is the last Gaussian: i = 0, occ = 0, weight = 1
WARNING (gmm-est[5.4.110~1405-6a2dc]:MleDiagGmmUpdate():mle-diag-gmm.cc:365) Gaussian has too little data but not removing it because it is the last Gaussian: i = 0, occ = 0, weight = 1
WARNING (gmm-est[5.4.110~1405-6a2dc]:MleDiagGmmUpdate():mle-diag-gmm.cc:365) Gaussian has too little data but not removing it because it is the last Gaussian: i = 0, occ = 0, weight = 1
WARNING (gmm-est[5.4.110~1405-6a2dc]:MleDiagGmmUpdate():mle-diag-gmm.cc:365) Gaussian has too little data but not removing it because it is the last Gaussian: i = 0, occ = 0, weight = 1
WARNING (gmm-est[5.4.110~1405-6a2dc]:MleDiagGmmUpdate():mle-diag-gmm.cc:359) Too little data - removing Gaussian (weight 0.045565, occupation count 8.885231, vector size 39)
LOG (gmm-est[5.4.110~1405-6a2dc]:MleAmDiagGmmUpdate():mle-am-diag-gmm.cc:225) 0 variance elements floored in 0 Gaussians, out of 617
LOG (gmm-est[5.4.110~1405-6a2dc]:MleAmDiagGmmUpdate():mle-am-diag-gmm.cc:229) Removed 1 Gaussians due to counts < --min-gaussian-occupancy=10 and --remove-low-count-gaussians=true
LOG (gmm-est[5.4.110~1405-6a2dc]:main():gmm-est.cc:113) GMM update: Overall 0.152768 objective function improvement per frame over 27323 frames
LOG (gmm-est[5.4.110~1405-6a2dc]:main():gmm-est.cc:116) GMM update: Overall avg like per frame = -75.6861 over 27323 frames.
LOG (gmm-est[5.4.110~1405-6a2dc]:SplitByCount():am-diag-gmm.cc:116) Split 58 states with target = 647, power = 0.25, perturb_factor = 0.01 and min_count = 20, split #Gauss from 617 to 649
LOG (gmm-est[5.4.110~1405-6a2dc]:main():gmm-est.cc:146) Written model to exp/mono/21.mdl
# Accounting: time=0 threads=1
# Ended (code 0) at Fri Jun  1 13:14:04 CST 2018, elapsed time 0 seconds
