# gmm-est --write-occs=exp/mono/13.occs --mix-up=399 --power=0.25 exp/mono/12.mdl "gmm-sum-accs - exp/mono/12.*.acc|" exp/mono/13.mdl 
# Started at Fri Jun  1 13:14:02 CST 2018
#
gmm-est --write-occs=exp/mono/13.occs --mix-up=399 --power=0.25 exp/mono/12.mdl 'gmm-sum-accs - exp/mono/12.*.acc|' exp/mono/13.mdl 
gmm-sum-accs - exp/mono/12.1.acc exp/mono/12.2.acc exp/mono/12.3.acc exp/mono/12.4.acc 
LOG (gmm-sum-accs[5.4.110~1405-6a2dc]:main():gmm-sum-accs.cc:63) Summed 4 stats, total count 27323, avg like/frame -78.5488
LOG (gmm-sum-accs[5.4.110~1405-6a2dc]:main():gmm-sum-accs.cc:66) Total count of stats is 27323
LOG (gmm-sum-accs[5.4.110~1405-6a2dc]:main():gmm-sum-accs.cc:67) Written stats to -
LOG (gmm-est[5.4.110~1405-6a2dc]:MleUpdate():transition-model.cc:517) TransitionModel::Update, objf change is 0.000284803 per frame over 27323 frames. 
LOG (gmm-est[5.4.110~1405-6a2dc]:MleUpdate():transition-model.cc:520) 6 probabilities floored, 189 out of 242 transition-states skipped due to insuffient data (it is normal to have some skipped.)
LOG (gmm-est[5.4.110~1405-6a2dc]:main():gmm-est.cc:102) Transition model update: Overall 0.000284803 log-like improvement per frame over 27323 frames.
WARNING (gmm-est[5.4.110~1405-6a2dc]:MleDiagGmmUpdate():mle-diag-gmm.cc:365) Gaussian has too little data but not removing it because it is the last Gaussian: i = 0, occ = 0, weight = 1
WARNING (gmm-est[5.4.110~1405-6a2dc]:MleDiagGmmUpdate():mle-diag-gmm.cc:365) Gaussian has too little data but not removing it because it is the last Gaussian: i = 0, occ = 0, weight = 1
WARNING (gmm-est[5.4.110~1405-6a2dc]:MleDiagGmmUpdate():mle-diag-gmm.cc:365) Gaussian has too little data but not removing it because it is the last Gaussian: i = 0, occ = 0, weight = 1
WARNING (gmm-est[5.4.110~1405-6a2dc]:MleDiagGmmUpdate():mle-diag-gmm.cc:365) Gaussian has too little data but not removing it because it is the last Gaussian: i = 0, occ = 0, weight = 1
WARNING (gmm-est[5.4.110~1405-6a2dc]:MleDiagGmmUpdate():mle-diag-gmm.cc:365) Gaussian has too little data but not removing it because it is the last Gaussian: i = 0, occ = 0, weight = 1
WARNING (gmm-est[5.4.110~1405-6a2dc]:MleDiagGmmUpdate():mle-diag-gmm.cc:359) Too little data - removing Gaussian (weight 0.254959, occupation count 7.903733, vector size 39)
WARNING (gmm-est[5.4.110~1405-6a2dc]:MleDiagGmmUpdate():mle-diag-gmm.cc:359) Too little data - removing Gaussian (weight 0.129230, occupation count 4.006139, vector size 39)
WARNING (gmm-est[5.4.110~1405-6a2dc]:MleDiagGmmUpdate():mle-diag-gmm.cc:359) Too little data - removing Gaussian (weight 0.038585, occupation count 8.180103, vector size 39)
WARNING (gmm-est[5.4.110~1405-6a2dc]:MleDiagGmmUpdate():mle-diag-gmm.cc:359) Too little data - removing Gaussian (weight 0.011744, occupation count 1.303554, vector size 39)
WARNING (gmm-est[5.4.110~1405-6a2dc]:MleDiagGmmUpdate():mle-diag-gmm.cc:359) Too little data - removing Gaussian (weight 0.005965, occupation count 0.662080, vector size 39)
LOG (gmm-est[5.4.110~1405-6a2dc]:MleAmDiagGmmUpdate():mle-am-diag-gmm.cc:225) 0 variance elements floored in 0 Gaussians, out of 364
LOG (gmm-est[5.4.110~1405-6a2dc]:MleAmDiagGmmUpdate():mle-am-diag-gmm.cc:229) Removed 5 Gaussians due to counts < --min-gaussian-occupancy=10 and --remove-low-count-gaussians=true
LOG (gmm-est[5.4.110~1405-6a2dc]:main():gmm-est.cc:113) GMM update: Overall 0.295583 objective function improvement per frame over 27323 frames
LOG (gmm-est[5.4.110~1405-6a2dc]:main():gmm-est.cc:116) GMM update: Overall avg like per frame = -78.5488 over 27323 frames.
LOG (gmm-est[5.4.110~1405-6a2dc]:SplitByCount():am-diag-gmm.cc:116) Split 58 states with target = 399, power = 0.25, perturb_factor = 0.01 and min_count = 20, split #Gauss from 364 to 400
LOG (gmm-est[5.4.110~1405-6a2dc]:main():gmm-est.cc:146) Written model to exp/mono/13.mdl
# Accounting: time=0 threads=1
# Ended (code 0) at Fri Jun  1 13:14:02 CST 2018, elapsed time 0 seconds
