# lattice-scale --inv-acoustic-scale=10 "ark:gunzip -c exp/tri1/decode//lat.*.gz|" ark:- | lattice-add-penalty --word-ins-penalty=0.0 ark:- ark:- | lattice-best-path --word-symbol-table=data/lang/words.txt ark:- ark,t:exp/tri1/decode//scoring/10.tra 
# Started at Fri Jun  1 13:14:23 CST 2018
#
lattice-add-penalty --word-ins-penalty=0.0 ark:- ark:- 
lattice-best-path --word-symbol-table=data/lang/words.txt ark:- ark,t:exp/tri1/decode//scoring/10.tra 
lattice-scale --inv-acoustic-scale=10 'ark:gunzip -c exp/tri1/decode//lat.*.gz|' ark:- 
LOG (lattice-best-path[5.4.110~1405-6a2dc]:main():lattice-best-path.cc:99) For utterance 1-584, best cost 27.8254 + 1803.8 = 1831.62 over 212 frames.
1-584 五 八 四 
LOG (lattice-best-path[5.4.110~1405-6a2dc]:main():lattice-best-path.cc:99) For utterance 1-774, best cost 24.1216 + 1831.05 = 1855.17 over 212 frames.
1-774 七 七 四 
LOG (lattice-best-path[5.4.110~1405-6a2dc]:main():lattice-best-path.cc:99) For utterance 1-789, best cost 32.2054 + 2277.32 = 2309.53 over 249 frames.
1-789 七 八 九 
LOG (lattice-best-path[5.4.110~1405-6a2dc]:main():lattice-best-path.cc:99) For utterance 1-897, best cost 34.3043 + 2153.51 = 2187.81 over 230 frames.
1-897 八 九 七 
LOG (lattice-best-path[5.4.110~1405-6a2dc]:main():lattice-best-path.cc:99) For utterance 1-905, best cost 26.744 + 1979.29 = 2006.04 over 221 frames.
1-905 九 零 五 
LOG (lattice-best-path[5.4.110~1405-6a2dc]:main():lattice-best-path.cc:99) For utterance 1-964, best cost 26.9069 + 1938.55 = 1965.46 over 221 frames.
1-964 九 六 四 
LOG (lattice-best-path[5.4.110~1405-6a2dc]:main():lattice-best-path.cc:99) For utterance 2-021, best cost 24.9653 + 1715.59 = 1740.56 over 212 frames.
2-021 零 二 一 
LOG (lattice-best-path[5.4.110~1405-6a2dc]:main():lattice-best-path.cc:99) For utterance 2-578, best cost 31.4358 + 1882.55 = 1913.98 over 230 frames.
2-578 五 七 八 
LOG (lattice-best-path[5.4.110~1405-6a2dc]:main():lattice-best-path.cc:99) For utterance 2-702, best cost 30.0838 + 1927.35 = 1957.44 over 230 frames.
2-702 二 七 零 二 
LOG (lattice-best-path[5.4.110~1405-6a2dc]:main():lattice-best-path.cc:99) For utterance 2-718, best cost 25.8679 + 2275.95 = 2301.82 over 267 frames.
2-718 七 一 八 
LOG (lattice-best-path[5.4.110~1405-6a2dc]:main():lattice-best-path.cc:99) For utterance 2-789, best cost 30.2891 + 2110.67 = 2140.96 over 239 frames.
2-789 七 八 九 
LOG (lattice-best-path[5.4.110~1405-6a2dc]:main():lattice-best-path.cc:99) For utterance 2-891, best cost 31.4162 + 2024.45 = 2055.87 over 230 frames.
2-891 八 九 一 
LOG (lattice-best-path[5.4.110~1405-6a2dc]:main():lattice-best-path.cc:99) For utterance 3-132, best cost 23.9239 + 1977.88 = 2001.8 over 212 frames.
3-132 一 三 二 
LOG (lattice-best-path[5.4.110~1405-6a2dc]:main():lattice-best-path.cc:99) For utterance 3-254, best cost 27.6081 + 1923.17 = 1950.78 over 230 frames.
3-254 二 五 四 
LOG (lattice-best-path[5.4.110~1405-6a2dc]:main():lattice-best-path.cc:99) For utterance 3-467, best cost 25.105 + 1908.52 = 1933.63 over 230 frames.
3-467 四 六 七 
LOG (lattice-best-path[5.4.110~1405-6a2dc]:main():lattice-best-path.cc:99) For utterance 3-587, best cost 26.9035 + 1970.31 = 1997.21 over 230 frames.
3-587 五 八 七 
LOG (lattice-best-path[5.4.110~1405-6a2dc]:main():lattice-best-path.cc:99) For utterance 3-789, best cost 31.1127 + 2076.48 = 2107.59 over 239 frames.
3-789 七 八 九 
LOG (lattice-best-path[5.4.110~1405-6a2dc]:main():lattice-best-path.cc:99) For utterance 3-945, best cost 27.9138 + 2271.4 = 2299.32 over 249 frames.
3-945 九 四 五 
LOG (lattice-best-path[5.4.110~1405-6a2dc]:main():lattice-best-path.cc:99) For utterance 4-112, best cost 25.4582 + 1913.71 = 1939.17 over 230 frames.
4-112 一 一 二 
LOG (lattice-best-path[5.4.110~1405-6a2dc]:main():lattice-best-path.cc:99) For utterance 4-141, best cost 28.0945 + 2007.76 = 2035.85 over 239 frames.
4-141 一 四 一 
LOG (lattice-best-path[5.4.110~1405-6a2dc]:main():lattice-best-path.cc:99) For utterance 4-412, best cost 31.7185 + 2325.19 = 2356.91 over 267 frames.
4-412 四 一 二 
LOG (lattice-best-path[5.4.110~1405-6a2dc]:main():lattice-best-path.cc:99) For utterance 4-596, best cost 30.6973 + 1998.42 = 2029.12 over 239 frames.
4-596 五 九 六 
LOG (lattice-best-path[5.4.110~1405-6a2dc]:main():lattice-best-path.cc:99) For utterance 4-841, best cost 25.5708 + 2062.23 = 2087.8 over 249 frames.
4-841 八 四 一 
LOG (lattice-best-path[5.4.110~1405-6a2dc]:main():lattice-best-path.cc:99) For utterance 4-984, best cost 35.1093 + 2237.46 = 2272.57 over 258 frames.
4-984 九 八 四 
LOG (lattice-best-path[5.4.110~1405-6a2dc]:main():lattice-best-path.cc:99) For utterance 5-105, best cost 25.5637 + 1811.08 = 1836.64 over 221 frames.
5-105 一 零 五 
LOG (lattice-best-path[5.4.110~1405-6a2dc]:main():lattice-best-path.cc:99) For utterance 5-236, best cost 25.1883 + 2347.08 = 2372.26 over 249 frames.
5-236 二 三 六 
LOG (lattice-best-path[5.4.110~1405-6a2dc]:main():lattice-best-path.cc:99) For utterance 5-415, best cost 27.1237 + 2141.63 = 2168.75 over 258 frames.
5-415 四 一 五 
LOG (lattice-best-path[5.4.110~1405-6a2dc]:main():lattice-best-path.cc:99) For utterance 5-419, best cost 24.9559 + 2110.03 = 2134.99 over 239 frames.
5-419 四 一 九 
LOG (lattice-best-path[5.4.110~1405-6a2dc]:main():lattice-best-path.cc:99) For utterance 5-742, best cost 24.8056 + 1937.87 = 1962.68 over 230 frames.
5-742 七 四 二 
LOG (lattice-best-path[5.4.110~1405-6a2dc]:main():lattice-best-path.cc:99) For utterance 5-986, best cost 28.3209 + 2024.47 = 2052.79 over 239 frames.
5-986 九 八 六 
LOG (lattice-best-path[5.4.110~1405-6a2dc]:main():lattice-best-path.cc:99) For utterance 6-032, best cost 27.0839 + 2715.49 = 2742.58 over 339 frames.
6-032 零 一 三 二 
LOG (lattice-best-path[5.4.110~1405-6a2dc]:main():lattice-best-path.cc:99) For utterance 6-123, best cost 22.4432 + 2701.44 = 2723.89 over 385 frames.
6-123 一 二 三 
LOG (lattice-best-path[5.4.110~1405-6a2dc]:main():lattice-best-path.cc:99) For utterance 6-230, best cost 22.5627 + 2495.73 = 2518.29 over 352 frames.
6-230 二 三 零 
LOG (lattice-best-path[5.4.110~1405-6a2dc]:main():lattice-best-path.cc:99) For utterance 6-234, best cost 26.4285 + 2628.9 = 2655.33 over 363 frames.
6-234 二 三 四 一 
LOG (lattice-best-path[5.4.110~1405-6a2dc]:main():lattice-best-path.cc:99) For utterance 6-450, best cost 31.2703 + 2711.65 = 2742.92 over 373 frames.
6-450 四 一 五 零 
LOG (lattice-best-path[5.4.110~1405-6a2dc]:main():lattice-best-path.cc:99) For utterance 6-560, best cost 23.3487 + 2350.64 = 2373.99 over 319 frames.
6-560 一 六 零 
LOG (lattice-best-path[5.4.110~1405-6a2dc]:main():lattice-best-path.cc:99) For utterance 7-011, best cost 22.8034 + 2435.5 = 2458.3 over 336 frames.
7-011 零 一 一 
LOG (lattice-scale[5.4.110~1405-6a2dc]:main():lattice-scale.cc:107) Done 54 lattices.
LOG (lattice-best-path[5.4.110~1405-6a2dc]:main():lattice-best-path.cc:99) For utterance 7-230, best cost 22.7047 + 2524.32 = 2547.02 over 343 frames.
7-230 二 三 零 
LOG (lattice-best-path[5.4.110~1405-6a2dc]:main():lattice-best-path.cc:99) For utterance 7-567, best cost 26.9798 + 2767.14 = 2794.12 over 400 frames.
7-567 二 六 七 
LOG (lattice-best-path[5.4.110~1405-6a2dc]:main():lattice-best-path.cc:99) For utterance 7-678, best cost 27.6492 + 2655.03 = 2682.68 over 374 frames.
7-678 六 二 七 八 
LOG (lattice-best-path[5.4.110~1405-6a2dc]:main():lattice-best-path.cc:99) For utterance 7-748, best cost 23.6239 + 2673.69 = 2697.31 over 387 frames.
7-748 七 四 八 
LOG (lattice-best-path[5.4.110~1405-6a2dc]:main():lattice-best-path.cc:99) For utterance 7-951, best cost 27.844 + 2977.26 = 3005.1 over 419 frames.
7-951 九 五 一 
LOG (lattice-best-path[5.4.110~1405-6a2dc]:main():lattice-best-path.cc:99) For utterance 8-122, best cost 21.6273 + 2733.56 = 2755.19 over 377 frames.
8-122 一 二 二 
LOG (lattice-best-path[5.4.110~1405-6a2dc]:main():lattice-best-path.cc:99) For utterance 8-211, best cost 31.3681 + 2725.31 = 2756.67 over 361 frames.
8-211 二 二 一 一 一 
LOG (lattice-best-path[5.4.110~1405-6a2dc]:main():lattice-best-path.cc:99) For utterance 8-235, best cost 25.9918 + 2621.74 = 2647.73 over 364 frames.
8-235 二 三 一 
LOG (lattice-best-path[5.4.110~1405-6a2dc]:main():lattice-best-path.cc:99) For utterance 8-348, best cost 23.299 + 2581.06 = 2604.36 over 355 frames.
8-348 三 四 八 
LOG (lattice-best-path[5.4.110~1405-6a2dc]:main():lattice-best-path.cc:99) For utterance 8-524, best cost 26.0732 + 2643.33 = 2669.4 over 363 frames.
8-524 五 二 四 
LOG (lattice-best-path[5.4.110~1405-6a2dc]:main():lattice-best-path.cc:99) For utterance 8-808, best cost 24.0505 + 2593.34 = 2617.39 over 372 frames.
8-808 八 零 八 
LOG (lattice-best-path[5.4.110~1405-6a2dc]:main():lattice-best-path.cc:99) For utterance 9-002, best cost 27.9554 + 3268.11 = 3296.06 over 430 frames.
9-002 二 一 零 二 
LOG (lattice-add-penalty[5.4.110~1405-6a2dc]:main():lattice-add-penalty.cc:62) Done adding word insertion penalty to 54 lattices.
LOG (lattice-best-path[5.4.110~1405-6a2dc]:main():lattice-best-path.cc:99) For utterance 9-036, best cost 27.4457 + 2720.05 = 2747.5 over 363 frames.
9-036 零 三 六 二 
LOG (lattice-best-path[5.4.110~1405-6a2dc]:main():lattice-best-path.cc:99) For utterance 9-202, best cost 22.2069 + 2871.79 = 2894 over 383 frames.
9-202 二 零 二 
LOG (lattice-best-path[5.4.110~1405-6a2dc]:main():lattice-best-path.cc:99) For utterance 9-352, best cost 26.363 + 2870.5 = 2896.86 over 431 frames.
9-352 三 一 二 
LOG (lattice-best-path[5.4.110~1405-6a2dc]:main():lattice-best-path.cc:99) For utterance 9-510, best cost 26.9857 + 2868.12 = 2895.11 over 409 frames.
9-510 五 一 零 
LOG (lattice-best-path[5.4.110~1405-6a2dc]:main():lattice-best-path.cc:99) For utterance 9-912, best cost 23.2569 + 2743.63 = 2766.89 over 377 frames.
9-912 九 一 二 
LOG (lattice-best-path[5.4.110~1405-6a2dc]:main():lattice-best-path.cc:124) Overall cost per frame is 7.93807 = 0.0905902 [graph] + 7.84748 [acoustic] over 16036 frames.
LOG (lattice-best-path[5.4.110~1405-6a2dc]:main():lattice-best-path.cc:128) Done 54 lattices, failed for 0
# Accounting: time=0 threads=1
# Ended (code 0) at Fri Jun  1 13:14:23 CST 2018, elapsed time 0 seconds
