# gmm-latgen-faster --max-active=7000 --beam=13.0 --lattice-beam=6.0 --acoustic-scale=0.083333 --allow-partial=true --word-symbol-table=exp/tri1/graph/words.txt exp/tri1/final.mdl exp/tri1/graph/HCLG.fst "ark,s,cs:apply-cmvn  --utt2spk=ark:data/test/split4/3/utt2spk scp:data/test/split4/3/cmvn.scp scp:data/test/split4/3/feats.scp ark:- | add-deltas  ark:- ark:- |" "ark:|gzip -c > exp/tri1/decode/lat.3.gz" 
# Started at Fri Jun  1 13:14:21 CST 2018
#
gmm-latgen-faster --max-active=7000 --beam=13.0 --lattice-beam=6.0 --acoustic-scale=0.083333 --allow-partial=true --word-symbol-table=exp/tri1/graph/words.txt exp/tri1/final.mdl exp/tri1/graph/HCLG.fst 'ark,s,cs:apply-cmvn  --utt2spk=ark:data/test/split4/3/utt2spk scp:data/test/split4/3/cmvn.scp scp:data/test/split4/3/feats.scp ark:- | add-deltas  ark:- ark:- |' 'ark:|gzip -c > exp/tri1/decode/lat.3.gz' 
add-deltas ark:- ark:- 
apply-cmvn --utt2spk=ark:data/test/split4/3/utt2spk scp:data/test/split4/3/cmvn.scp scp:data/test/split4/3/feats.scp ark:- 
6-032 零 一 三 二 
LOG (gmm-latgen-faster[5.4.110~1405-6a2dc]:DecodeUtteranceLatticeFaster():decoder-wrappers.cc:286) Log-like per frame for utterance 6-032 is -6.75512 over 339 frames.
6-123 一 二 三 
LOG (gmm-latgen-faster[5.4.110~1405-6a2dc]:DecodeUtteranceLatticeFaster():decoder-wrappers.cc:286) Log-like per frame for utterance 6-123 is -5.90555 over 385 frames.
6-230 二 三 零 
LOG (gmm-latgen-faster[5.4.110~1405-6a2dc]:DecodeUtteranceLatticeFaster():decoder-wrappers.cc:286) Log-like per frame for utterance 6-230 is -5.97253 over 352 frames.
6-234 二 三 四 一 
LOG (gmm-latgen-faster[5.4.110~1405-6a2dc]:DecodeUtteranceLatticeFaster():decoder-wrappers.cc:286) Log-like per frame for utterance 6-234 is -6.1079 over 363 frames.
6-450 四 一 五 零 
LOG (gmm-latgen-faster[5.4.110~1405-6a2dc]:DecodeUtteranceLatticeFaster():decoder-wrappers.cc:286) Log-like per frame for utterance 6-450 is -6.14201 over 373 frames.
6-560 一 六 零 
LOG (gmm-latgen-faster[5.4.110~1405-6a2dc]:DecodeUtteranceLatticeFaster():decoder-wrappers.cc:286) Log-like per frame for utterance 6-560 is -6.21382 over 319 frames.
LOG (apply-cmvn[5.4.110~1405-6a2dc]:main():apply-cmvn.cc:162) Applied cepstral mean normalization to 12 utterances, errors on 0
7-011 零 一 一 
LOG (gmm-latgen-faster[5.4.110~1405-6a2dc]:DecodeUtteranceLatticeFaster():decoder-wrappers.cc:286) Log-like per frame for utterance 7-011 is -6.10826 over 336 frames.
7-230 二 三 零 
LOG (gmm-latgen-faster[5.4.110~1405-6a2dc]:DecodeUtteranceLatticeFaster():decoder-wrappers.cc:286) Log-like per frame for utterance 7-230 is -6.19911 over 343 frames.
7-567 二 六 七 
LOG (gmm-latgen-faster[5.4.110~1405-6a2dc]:DecodeUtteranceLatticeFaster():decoder-wrappers.cc:286) Log-like per frame for utterance 7-567 is -5.83229 over 400 frames.
7-678 六 二 七 八 
LOG (gmm-latgen-faster[5.4.110~1405-6a2dc]:DecodeUtteranceLatticeFaster():decoder-wrappers.cc:286) Log-like per frame for utterance 7-678 is -5.98975 over 374 frames.
7-748 七 四 八 
LOG (gmm-latgen-faster[5.4.110~1405-6a2dc]:DecodeUtteranceLatticeFaster():decoder-wrappers.cc:286) Log-like per frame for utterance 7-748 is -5.81831 over 387 frames.
7-951 九 五 一 
LOG (gmm-latgen-faster[5.4.110~1405-6a2dc]:DecodeUtteranceLatticeFaster():decoder-wrappers.cc:286) Log-like per frame for utterance 7-951 is -5.98778 over 419 frames.
LOG (gmm-latgen-faster[5.4.110~1405-6a2dc]:main():gmm-latgen-faster.cc:176) Time taken 0.761634s: real-time factor assuming 100 frames/sec is 0.0173493
LOG (gmm-latgen-faster[5.4.110~1405-6a2dc]:main():gmm-latgen-faster.cc:179) Done 12 utterances, failed for 0
LOG (gmm-latgen-faster[5.4.110~1405-6a2dc]:main():gmm-latgen-faster.cc:181) Overall log-likelihood per frame is -6.07486 over 4390 frames.
# Accounting: time=1 threads=1
# Ended (code 0) at Fri Jun  1 13:14:22 CST 2018, elapsed time 1 seconds
